{
  "start": "2023-11-30T20:05:18.890Z",
  "end": "2023-11-30T20:05:40.848Z",
  "capabilities": {
    "acceptInsecureCerts": true,
    "browserName": "chrome",
    "browserVersion": "119.0.6045.161",
    "chrome": {
      "chromedriverVersion": "119.0.6045.105 (38c72552c5e15ba9b3117c0967a0fd105072d7c6-refs/branch-heads/6045@{#1103})",
      "userDataDir": "C:\\Users\\hi\\AppData\\Local\\Temp\\scoped_dir1416_1688468365"
    },
    "fedcm:accounts": true,
    "goog:chromeOptions": {
      "debuggerAddress": "localhost:59933"
    },
    "networkConnectionEnabled": false,
    "pageLoadStrategy": "normal",
    "platformName": "windows",
    "proxy": {},
    "setWindowRect": true,
    "strictFileInteractability": false,
    "timeouts": {
      "implicit": 0,
      "pageLoad": 300000,
      "script": 30000
    },
    "unhandledPromptBehavior": "dismiss and notify",
    "webauthn:extension:credBlob": true,
    "webauthn:extension:largeBlob": true,
    "webauthn:extension:minPinLength": true,
    "webauthn:extension:prf": true,
    "webauthn:virtualAuthenticators": true,
    "sessionId": "c26aaceba7b349c0e8702343a2afe6f9"
  },
  "host": "localhost",
  "port": 9515,
  "framework": "mocha",
  "duration": 21958,
  "suites": [
    {
      "title": "Sanity Checks",
      "duration": 21881,
      "start": "2023-11-30T20:05:18.905Z",
      "end": "2023-11-30T20:05:40.786Z",
      "tests": [
        {
          "title": "Visit Find CPE courses link from homepage",
          "start": "2023-11-30T20:05:18.906Z",
          "end": "2023-11-30T20:05:24.598Z",
          "duration": 5692,
          "state": "passed",
          "screenshots": []
        },
        {
          "title": "Visit Explore membership link from homepage",
          "start": "2023-11-30T20:05:24.599Z",
          "end": "2023-11-30T20:05:26.509Z",
          "duration": 1910,
          "state": "passed",
          "screenshots": []
        },
        {
          "title": "Visit Pay my bill link from homepage",
          "start": "2023-11-30T20:05:26.509Z",
          "end": "2023-11-30T20:05:31.331Z",
          "duration": 4822,
          "state": "passed",
          "screenshots": []
        },
        {
          "title": "Visit Become a CPA link from homepage",
          "start": "2023-11-30T20:05:31.332Z",
          "end": "2023-11-30T20:05:34.562Z",
          "duration": 3230,
          "state": "passed",
          "screenshots": []
        },
        {
          "title": "Visit Take the ethics exam link from homepage",
          "start": "2023-11-30T20:05:34.563Z",
          "end": "2023-11-30T20:05:36.784Z",
          "duration": 2221,
          "state": "passed",
          "screenshots": []
        },
        {
          "title": "Visit Make a donation link from homepage",
          "start": "2023-11-30T20:05:36.784Z",
          "end": "2023-11-30T20:05:38.282Z",
          "duration": 1498,
          "state": "passed",
          "screenshots": []
        },
        {
          "title": "Visit Find a CPA link from homepage",
          "start": "2023-11-30T20:05:38.282Z",
          "end": "2023-11-30T20:05:40.786Z",
          "duration": 2504,
          "state": "passed",
          "screenshots": []
        }
      ],
      "hooks": []
    }
  ],
  "specs": [
    "C:\\Users\\hi\\Desktop\\calcpa-test-automation\\tests\\website-tests-mobile2.js"
  ],
  "state": {
    "passed": 7,
    "failed": 0,
    "skipped": 0
  }
}