{
  "start": "2024-02-29T20:00:42.208Z",
  "end": "2024-02-29T20:31:37.041Z",
  "capabilities": {
    "acceptInsecureCerts": true,
    "browserName": "chrome",
    "browserVersion": "122.0.6261.71",
    "chrome": {
      "chromedriverVersion": "121.0.6167.85 (3f98d690ad7e59242ef110144c757b2ac4eef1a2-refs/branch-heads/6167@{#1539})",
      "userDataDir": "C:\\Users\\hi\\AppData\\Local\\Temp\\scoped_dir3912_1862100731"
    },
    "fedcm:accounts": true,
    "goog:chromeOptions": {
      "debuggerAddress": "localhost:58116"
    },
    "networkConnectionEnabled": false,
    "pageLoadStrategy": "normal",
    "platformName": "windows",
    "proxy": {},
    "setWindowRect": true,
    "strictFileInteractability": false,
    "timeouts": {
      "implicit": 0,
      "pageLoad": 300000,
      "script": 30000
    },
    "unhandledPromptBehavior": "dismiss and notify",
    "webauthn:extension:credBlob": true,
    "webauthn:extension:largeBlob": true,
    "webauthn:extension:minPinLength": true,
    "webauthn:extension:prf": true,
    "webauthn:virtualAuthenticators": true,
    "sessionId": "9f0a2639679c3e8dcaa17122338a7b78"
  },
  "host": "localhost",
  "port": 9515,
  "framework": "mocha",
  "duration": 1854833,
  "suites": [
    {
      "title": "Sanity Checks",
      "duration": 1854753,
      "start": "2024-02-29T20:00:42.219Z",
      "end": "2024-02-29T20:31:36.972Z",
      "tests": [
        {
          "title": "Set Up New User and Log In",
          "start": "2024-02-29T20:00:42.220Z",
          "duration": 0,
          "state": "pending",
          "screenshots": [
            "C:\\Users\\hi\\Desktop\\calcpa-test-automation\\calcpa-test-automation.github.io\\file-1709237007541.jpeg"
          ]
        },
        {
          "title": "Set Up New User and Log In",
          "start": "2024-02-29T20:03:27.569Z",
          "end": "2024-02-29T20:05:33.857Z",
          "duration": 126288,
          "state": "passed",
          "screenshots": []
        },
        {
          "title": "Joins from Front-End (Candidate)",
          "start": "2024-02-29T20:05:33.859Z",
          "end": "2024-02-29T20:07:25.617Z",
          "duration": 111758,
          "state": "passed",
          "screenshots": []
        },
        {
          "title": "Joins from Front-End (Executive)",
          "start": "2024-02-29T20:07:25.619Z",
          "duration": 0,
          "state": "pending",
          "screenshots": [
            "C:\\Users\\hi\\Desktop\\calcpa-test-automation\\calcpa-test-automation.github.io\\file-1709237522660.jpeg"
          ]
        },
        {
          "title": "Joins from Front-End (Executive)",
          "start": "2024-02-29T20:12:02.667Z",
          "duration": 0,
          "state": "pending",
          "screenshots": [
            "C:\\Users\\hi\\Desktop\\calcpa-test-automation\\calcpa-test-automation.github.io\\file-1709237582849.jpeg"
          ]
        },
        {
          "title": "Joins from Front-End (Executive)",
          "start": "2024-02-29T20:13:02.851Z",
          "duration": 0,
          "state": "pending",
          "screenshots": [
            "C:\\Users\\hi\\Desktop\\calcpa-test-automation\\calcpa-test-automation.github.io\\file-1709237858903.jpeg"
          ]
        },
        {
          "title": "Joins from Front-End (Executive)",
          "start": "2024-02-29T20:17:38.910Z",
          "duration": 0,
          "state": "pending",
          "screenshots": [
            "C:\\Users\\hi\\Desktop\\calcpa-test-automation\\calcpa-test-automation.github.io\\file-1709238148500.jpeg"
          ]
        },
        {
          "title": "Joins from Front-End (Executive)",
          "start": "2024-02-29T20:22:28.506Z",
          "duration": 0,
          "state": "pending",
          "screenshots": [
            "C:\\Users\\hi\\Desktop\\calcpa-test-automation\\calcpa-test-automation.github.io\\file-1709238424666.jpeg"
          ]
        },
        {
          "title": "Joins from Front-End (Executive)",
          "start": "2024-02-29T20:27:04.671Z",
          "end": "2024-02-29T20:31:36.969Z",
          "duration": 272298,
          "state": "failed",
          "screenshots": [
            "C:\\Users\\hi\\Desktop\\calcpa-test-automation\\calcpa-test-automation.github.io\\file-1709238696965.jpeg"
          ],
          "error": {
            "type": "Error",
            "message": "The text 'Your Order is Complete' was not displayed on the page 'https://calcpa--full.sandbox.my.site.com/CalCPA/s/checkout' within 180 seconds!",
            "stack": "Error: The text 'Your Order is Complete' was not displayed on the page 'https://calcpa--full.sandbox.my.site.com/CalCPA/s/checkout' within 180 seconds!\n    at C:\\Users\\hi\\Desktop\\calcpa-test-automation\\node_modules\\webdriverio\\build\\commands\\browser\\waitUntil.js:66:23\n    at async Browser.runCommandWithHooks (C:\\Users\\hi\\Desktop\\calcpa-test-automation\\node_modules\\@wdio\\sync\\build\\wrapCommand.js:105:25)\n    at Browser.runCommandWithHooks (C:\\Users\\hi\\Desktop\\calcpa-test-automation\\node_modules\\@wdio\\sync\\build\\wrapCommand.js:100:24)\n    at Browser.wrapCommandFn (C:\\Users\\hi\\Desktop\\calcpa-test-automation\\node_modules\\@wdio\\sync\\build\\wrapCommand.js:67:44)\n    at Browser.<anonymous> (C:\\Users\\hi\\Desktop\\calcpa-test-automation\\node_modules\\webdriverio\\node_modules\\@wdio\\utils\\build\\shim.js:276:24)\n    at Function.waitForTextToBeDisplayedWithTimeout (C:\\Users\\hi\\Desktop\\calcpa-test-automation\\utilities.js:122:17)\n    at Function.joinAsExecutive (C:\\Users\\hi\\Desktop\\calcpa-test-automation\\pages\\frontend\\join-page.js:111:15)\n    at Context.<anonymous> (C:\\Users\\hi\\Desktop\\calcpa-test-automation\\tests\\join-tests.js:44:26)\n    at Context.executeSync (C:\\Users\\hi\\Desktop\\calcpa-test-automation\\node_modules\\@wdio\\sync\\build\\index.js:38:22)\n    at C:\\Users\\hi\\Desktop\\calcpa-test-automation\\node_modules\\@wdio\\sync\\build\\index.js:69:73"
          }
        },
        {
          "title": "Joins from Front-End (Retired)",
          "start": "2024-02-29T20:31:36.971Z",
          "duration": 0,
          "state": "skipped"
        },
        {
          "title": " from Front-End (Temporarily Out of Work)",
          "start": "2024-02-29T20:31:36.971Z",
          "duration": 0,
          "state": "skipped"
        },
        {
          "title": "Joins from Front-End (Financial Professional)",
          "start": "2024-02-29T20:31:36.971Z",
          "duration": 0,
          "state": "skipped"
        },
        {
          "title": "Joins from Front-End (Candidate)",
          "start": "2024-02-29T20:31:36.971Z",
          "duration": 0,
          "state": "skipped"
        },
        {
          "title": "Joins from Front-End (Student)",
          "start": "2024-02-29T20:31:36.971Z",
          "duration": 0,
          "state": "skipped"
        },
        {
          "title": "Joins from Front-End (Executive)",
          "start": "2024-02-29T20:31:36.971Z",
          "duration": 0,
          "state": "skipped"
        },
        {
          "title": "Joins from Front-End (Business Professional)",
          "start": "2024-02-29T20:31:36.971Z",
          "duration": 0,
          "state": "skipped"
        },
        {
          "title": "Joins from Front-End (Professional < 5)",
          "start": "2024-02-29T20:31:36.971Z",
          "duration": 0,
          "state": "skipped"
        },
        {
          "title": "Joins from Front-End (Professional + 5)",
          "start": "2024-02-29T20:31:36.971Z",
          "duration": 0,
          "state": "skipped"
        }
      ],
      "hooks": []
    }
  ],
  "specs": [
    "C:\\Users\\hi\\Desktop\\calcpa-test-automation\\tests\\join-tests.js"
  ],
  "state": {
    "passed": 2,
    "failed": 1,
    "skipped": 9
  }
}