{
  "start": "2023-12-03T16:06:10.015Z",
  "end": "2023-12-03T16:06:12.560Z",
  "capabilities": {
    "acceptInsecureCerts": true,
    "browserName": "chrome",
    "browserVersion": "119.0.6045.200",
    "chrome": {
      "chromedriverVersion": "119.0.6045.105 (38c72552c5e15ba9b3117c0967a0fd105072d7c6-refs/branch-heads/6045@{#1103})",
      "userDataDir": "C:\\Users\\hi\\AppData\\Local\\Temp\\scoped_dir7980_1327353826"
    },
    "fedcm:accounts": true,
    "goog:chromeOptions": {
      "debuggerAddress": "localhost:54279"
    },
    "networkConnectionEnabled": false,
    "pageLoadStrategy": "normal",
    "platformName": "windows",
    "proxy": {},
    "setWindowRect": true,
    "strictFileInteractability": false,
    "timeouts": {
      "implicit": 0,
      "pageLoad": 300000,
      "script": 30000
    },
    "unhandledPromptBehavior": "dismiss and notify",
    "webauthn:extension:credBlob": true,
    "webauthn:extension:largeBlob": true,
    "webauthn:extension:minPinLength": true,
    "webauthn:extension:prf": true,
    "webauthn:virtualAuthenticators": true,
    "sessionId": "e3b1bec0b89ab4283446d0bc7b348c0d"
  },
  "host": "localhost",
  "port": 9515,
  "framework": "mocha",
  "duration": 2545,
  "suites": [
    {
      "title": "Sanity Checks",
      "duration": 2448,
      "start": "2023-12-03T16:06:10.018Z",
      "end": "2023-12-03T16:06:12.466Z",
      "tests": [
        {
          "title": "Visit Site",
          "start": "2023-12-03T16:06:10.019Z",
          "end": "2023-12-03T16:06:12.465Z",
          "duration": 2446,
          "state": "passed",
          "screenshots": []
        }
      ],
      "hooks": []
    }
  ],
  "specs": [
    "C:\\Users\\hi\\Desktop\\calcpa-test-automation\\tests\\website-tests.js"
  ],
  "state": {
    "passed": 1,
    "failed": 0,
    "skipped": 0
  }
}