{
  "start": "2024-01-28T00:17:11.106Z",
  "end": "2024-01-28T00:23:27.972Z",
  "capabilities": {
    "acceptInsecureCerts": true,
    "browserName": "chrome",
    "browserVersion": "120.0.6099.225",
    "chrome": {
      "chromedriverVersion": "119.0.6045.105 (38c72552c5e15ba9b3117c0967a0fd105072d7c6-refs/branch-heads/6045@{#1103})",
      "userDataDir": "C:\\Users\\hi\\AppData\\Local\\Temp\\scoped_dir13688_99170057"
    },
    "fedcm:accounts": true,
    "goog:chromeOptions": {
      "debuggerAddress": "localhost:55218"
    },
    "networkConnectionEnabled": false,
    "pageLoadStrategy": "normal",
    "platformName": "windows",
    "proxy": {},
    "setWindowRect": true,
    "strictFileInteractability": false,
    "timeouts": {
      "implicit": 0,
      "pageLoad": 300000,
      "script": 30000
    },
    "unhandledPromptBehavior": "dismiss and notify",
    "webauthn:extension:credBlob": true,
    "webauthn:extension:largeBlob": true,
    "webauthn:extension:minPinLength": true,
    "webauthn:extension:prf": true,
    "webauthn:virtualAuthenticators": true,
    "sessionId": "564aa914668d553a45e1be98310d4bde"
  },
  "host": "localhost",
  "port": 9515,
  "framework": "mocha",
  "duration": 376866,
  "suites": [
    {
      "title": "Sanity Checks",
      "duration": 376769,
      "start": "2024-01-28T00:17:11.111Z",
      "end": "2024-01-28T00:23:27.880Z",
      "tests": [
        {
          "title": "Visit Current CPAs link from top nav bar",
          "start": "2024-01-28T00:17:11.111Z",
          "end": "2024-01-28T00:17:14.443Z",
          "duration": 3332,
          "state": "passed",
          "screenshots": []
        },
        {
          "title": "Visit Former CPAs link from top nav bar",
          "start": "2024-01-28T00:17:14.444Z",
          "end": "2024-01-28T00:17:17.450Z",
          "duration": 3006,
          "state": "passed",
          "screenshots": []
        },
        {
          "title": "Visit Retired CPAs link from top nav bar",
          "start": "2024-01-28T00:17:17.450Z",
          "end": "2024-01-28T00:17:20.096Z",
          "duration": 2646,
          "state": "passed",
          "screenshots": []
        },
        {
          "title": "Visit Temp out of Work CPAs link from top nav bar",
          "start": "2024-01-28T00:17:20.096Z",
          "end": "2024-01-28T00:17:22.592Z",
          "duration": 2496,
          "state": "passed",
          "screenshots": []
        },
        {
          "title": "Visit Accounting Educators link from top nav bar",
          "start": "2024-01-28T00:17:22.592Z",
          "end": "2024-01-28T00:17:25.248Z",
          "duration": 2656,
          "state": "passed",
          "screenshots": []
        },
        {
          "title": "Visit Professionals link from top nav bar",
          "start": "2024-01-28T00:17:25.248Z",
          "end": "2024-01-28T00:17:28.025Z",
          "duration": 2777,
          "state": "passed",
          "screenshots": []
        },
        {
          "title": "Visit CPA Candidates link from top nav bar",
          "start": "2024-01-28T00:17:28.026Z",
          "end": "2024-01-28T00:17:31.427Z",
          "duration": 3401,
          "state": "passed",
          "screenshots": []
        },
        {
          "title": "Visit College Students link from top nav bar",
          "start": "2024-01-28T00:17:31.427Z",
          "end": "2024-01-28T00:17:33.972Z",
          "duration": 2545,
          "state": "passed",
          "screenshots": []
        },
        {
          "title": "Visit Group Memberships link from top nav bar",
          "start": "2024-01-28T00:17:33.972Z",
          "end": "2024-01-28T00:17:36.862Z",
          "duration": 2890,
          "state": "passed",
          "screenshots": []
        },
        {
          "title": "Visit Chapters link from top nav bar",
          "start": "2024-01-28T00:17:36.864Z",
          "end": "2024-01-28T00:17:39.740Z",
          "duration": 2876,
          "state": "passed",
          "screenshots": []
        },
        {
          "title": "Visit Get involved link from top nav bar",
          "start": "2024-01-28T00:17:39.740Z",
          "end": "2024-01-28T00:17:42.804Z",
          "duration": 3064,
          "state": "passed",
          "screenshots": []
        },
        {
          "title": "Visit Scholarships link from top nav bar",
          "start": "2024-01-28T00:17:42.804Z",
          "end": "2024-01-28T00:17:45.249Z",
          "duration": 2445,
          "state": "passed",
          "screenshots": []
        },
        {
          "title": "Visit Donate link from top nav bar",
          "start": "2024-01-28T00:17:45.249Z",
          "end": "2024-01-28T00:17:47.495Z",
          "duration": 2246,
          "state": "passed",
          "screenshots": []
        },
        {
          "title": "Visit Search our catalog link from top nav bar",
          "start": "2024-01-28T00:17:47.495Z",
          "end": "2024-01-28T00:17:51.327Z",
          "duration": 3832,
          "state": "passed",
          "screenshots": []
        },
        {
          "title": "Visit Conferences link from top nav bar",
          "start": "2024-01-28T00:17:51.328Z",
          "end": "2024-01-28T00:17:55.179Z",
          "duration": 3851,
          "state": "passed",
          "screenshots": []
        },
        {
          "title": "Visit Webinars link from top nav bar",
          "start": "2024-01-28T00:17:55.179Z",
          "end": "2024-01-28T00:17:58.963Z",
          "duration": 3784,
          "state": "passed",
          "screenshots": []
        },
        {
          "title": "Visit On-demand link from top nav bar",
          "start": "2024-01-28T00:17:58.963Z",
          "end": "2024-01-28T00:18:02.810Z",
          "duration": 3847,
          "state": "passed",
          "screenshots": []
        },
        {
          "title": "Visit Events link from top nav bar",
          "start": "2024-01-28T00:18:02.811Z",
          "end": "2024-01-28T00:18:06.631Z",
          "duration": 3820,
          "state": "passed",
          "screenshots": []
        },
        {
          "title": "Visit Grassroots link from top nav bar",
          "start": "2024-01-28T00:18:06.631Z",
          "end": "2024-01-28T00:18:09.410Z",
          "duration": 2779,
          "state": "passed",
          "screenshots": []
        },
        {
          "title": "Visit Fund the Future link from top nav bar",
          "start": "2024-01-28T00:18:09.411Z",
          "end": "2024-01-28T00:18:12.217Z",
          "duration": 2806,
          "state": "passed",
          "screenshots": []
        },
        {
          "title": "Visit Support link from top nav bar",
          "start": "2024-01-28T00:18:12.217Z",
          "end": "2024-01-28T00:18:14.918Z",
          "duration": 2701,
          "state": "passed",
          "screenshots": []
        },
        {
          "title": "Visit California CPA Magazine link from top nav bar",
          "start": "2024-01-28T00:18:14.919Z",
          "duration": 0,
          "state": "pending",
          "screenshots": [
            "C:\\Users\\hi\\Desktop\\calcpa-test-automation\\calcpa-test-automation.github.io\\file-1706401118130.jpeg"
          ]
        },
        {
          "title": "Visit California CPA Magazine link from top nav bar",
          "start": "2024-01-28T00:18:38.141Z",
          "duration": 0,
          "state": "pending",
          "screenshots": [
            "C:\\Users\\hi\\Desktop\\calcpa-test-automation\\calcpa-test-automation.github.io\\file-1706401142175.jpeg"
          ]
        },
        {
          "title": "Visit California CPA Magazine link from top nav bar",
          "start": "2024-01-28T00:19:02.184Z",
          "duration": 0,
          "state": "pending",
          "screenshots": [
            "C:\\Users\\hi\\Desktop\\calcpa-test-automation\\calcpa-test-automation.github.io\\file-1706401153864.jpeg"
          ]
        },
        {
          "title": "Visit California CPA Magazine link from top nav bar",
          "start": "2024-01-28T00:19:13.871Z",
          "duration": 0,
          "state": "pending",
          "screenshots": [
            "C:\\Users\\hi\\Desktop\\calcpa-test-automation\\calcpa-test-automation.github.io\\file-1706401176581.jpeg"
          ]
        },
        {
          "title": "Visit California CPA Magazine link from top nav bar",
          "start": "2024-01-28T00:19:36.586Z",
          "duration": 0,
          "state": "pending",
          "screenshots": [
            "C:\\Users\\hi\\Desktop\\calcpa-test-automation\\calcpa-test-automation.github.io\\file-1706401199912.jpeg"
          ]
        },
        {
          "title": "Visit California CPA Magazine link from top nav bar",
          "start": "2024-01-28T00:19:59.924Z",
          "end": "2024-01-28T00:20:23.840Z",
          "duration": 23916,
          "state": "failed",
          "screenshots": [
            "C:\\Users\\hi\\Desktop\\calcpa-test-automation\\calcpa-test-automation.github.io\\file-1706401223833.jpeg"
          ],
          "error": {
            "type": "Error",
            "message": "The text 'The magazine' was not displayed on the page 'https://magical-clafoutis-672f72.netlify.app/whats-happening/california-cpa-magazine' within twenty seconds!",
            "stack": "Error: The text 'The magazine' was not displayed on the page 'https://magical-clafoutis-672f72.netlify.app/whats-happening/california-cpa-magazine' within twenty seconds!\n    at C:\\Users\\hi\\Desktop\\calcpa-test-automation\\node_modules\\webdriverio\\build\\commands\\browser\\waitUntil.js:66:23\n    at async Browser.runCommandWithHooks (C:\\Users\\hi\\Desktop\\calcpa-test-automation\\node_modules\\@wdio\\sync\\build\\wrapCommand.js:105:25)\n    at Browser.runCommandWithHooks (C:\\Users\\hi\\Desktop\\calcpa-test-automation\\node_modules\\@wdio\\sync\\build\\wrapCommand.js:100:24)\n    at Browser.wrapCommandFn (C:\\Users\\hi\\Desktop\\calcpa-test-automation\\node_modules\\@wdio\\sync\\build\\wrapCommand.js:67:44)\n    at Browser.<anonymous> (C:\\Users\\hi\\Desktop\\calcpa-test-automation\\node_modules\\webdriverio\\node_modules\\@wdio\\utils\\build\\shim.js:276:24)\n    at Function.waitForTextToBeDisplayed (C:\\Users\\hi\\Desktop\\calcpa-test-automation\\utilities.js:114:17)\n    at Context.<anonymous> (C:\\Users\\hi\\Desktop\\calcpa-test-automation\\tests\\website-tests-mobile.js:83:19)\n    at Context.executeSync (C:\\Users\\hi\\Desktop\\calcpa-test-automation\\node_modules\\@wdio\\sync\\build\\index.js:38:22)\n    at C:\\Users\\hi\\Desktop\\calcpa-test-automation\\node_modules\\@wdio\\sync\\build\\index.js:69:73"
          }
        },
        {
          "title": "Visit Knowledge Hub link from top nav bar",
          "start": "2024-01-28T00:20:23.841Z",
          "end": "2024-01-28T00:20:28.765Z",
          "duration": 4924,
          "state": "passed",
          "screenshots": []
        },
        {
          "title": "Visit Daily Clips link from top nav bar",
          "start": "2024-01-28T00:20:28.765Z",
          "end": "2024-01-28T00:20:31.189Z",
          "duration": 2424,
          "state": "passed",
          "screenshots": []
        },
        {
          "title": "Visit It's Material link from top nav bar",
          "start": "2024-01-28T00:20:31.189Z",
          "duration": 0,
          "state": "pending",
          "screenshots": [
            "C:\\Users\\hi\\Desktop\\calcpa-test-automation\\calcpa-test-automation.github.io\\file-1706401254134.jpeg"
          ]
        },
        {
          "title": "Visit It's Material link from top nav bar",
          "start": "2024-01-28T00:20:54.140Z",
          "duration": 0,
          "state": "pending",
          "screenshots": [
            "C:\\Users\\hi\\Desktop\\calcpa-test-automation\\calcpa-test-automation.github.io\\file-1706401277345.jpeg"
          ]
        },
        {
          "title": "Visit It's Material link from top nav bar",
          "start": "2024-01-28T00:21:17.350Z",
          "duration": 0,
          "state": "pending",
          "screenshots": [
            "C:\\Users\\hi\\Desktop\\calcpa-test-automation\\calcpa-test-automation.github.io\\file-1706401300333.jpeg"
          ]
        },
        {
          "title": "Visit It's Material link from top nav bar",
          "start": "2024-01-28T00:21:40.339Z",
          "duration": 0,
          "state": "pending",
          "screenshots": [
            "C:\\Users\\hi\\Desktop\\calcpa-test-automation\\calcpa-test-automation.github.io\\file-1706401323682.jpeg"
          ]
        },
        {
          "title": "Visit It's Material link from top nav bar",
          "start": "2024-01-28T00:22:03.688Z",
          "duration": 0,
          "state": "pending",
          "screenshots": [
            "C:\\Users\\hi\\Desktop\\calcpa-test-automation\\calcpa-test-automation.github.io\\file-1706401346753.jpeg"
          ]
        },
        {
          "title": "Visit It's Material link from top nav bar",
          "start": "2024-01-28T00:22:26.757Z",
          "end": "2024-01-28T00:22:49.604Z",
          "duration": 22847,
          "state": "failed",
          "screenshots": [
            "C:\\Users\\hi\\Desktop\\calcpa-test-automation\\calcpa-test-automation.github.io\\file-1706401369598.jpeg"
          ],
          "error": {
            "type": "Error",
            "message": "The text 'magazine' was not displayed on the page 'https://magical-clafoutis-672f72.netlify.app/whats-happening/california-cpa-magazine/it-s-material' within twenty seconds!",
            "stack": "Error: The text 'magazine' was not displayed on the page 'https://magical-clafoutis-672f72.netlify.app/whats-happening/california-cpa-magazine/it-s-material' within twenty seconds!\n    at C:\\Users\\hi\\Desktop\\calcpa-test-automation\\node_modules\\webdriverio\\build\\commands\\browser\\waitUntil.js:66:23\n    at async Browser.runCommandWithHooks (C:\\Users\\hi\\Desktop\\calcpa-test-automation\\node_modules\\@wdio\\sync\\build\\wrapCommand.js:105:25)\n    at Browser.runCommandWithHooks (C:\\Users\\hi\\Desktop\\calcpa-test-automation\\node_modules\\@wdio\\sync\\build\\wrapCommand.js:100:24)\n    at Browser.wrapCommandFn (C:\\Users\\hi\\Desktop\\calcpa-test-automation\\node_modules\\@wdio\\sync\\build\\wrapCommand.js:67:44)\n    at Browser.<anonymous> (C:\\Users\\hi\\Desktop\\calcpa-test-automation\\node_modules\\webdriverio\\node_modules\\@wdio\\utils\\build\\shim.js:276:24)\n    at Function.waitForTextToBeDisplayed (C:\\Users\\hi\\Desktop\\calcpa-test-automation\\utilities.js:114:17)\n    at Context.<anonymous> (C:\\Users\\hi\\Desktop\\calcpa-test-automation\\tests\\website-tests-mobile.js:83:19)\n    at Context.executeSync (C:\\Users\\hi\\Desktop\\calcpa-test-automation\\node_modules\\@wdio\\sync\\build\\index.js:38:22)\n    at C:\\Users\\hi\\Desktop\\calcpa-test-automation\\node_modules\\@wdio\\sync\\build\\index.js:69:73"
          }
        },
        {
          "title": "Visit Upcoming Events link from top nav bar",
          "start": "2024-01-28T00:22:49.605Z",
          "end": "2024-01-28T00:22:54.297Z",
          "duration": 4692,
          "state": "passed",
          "screenshots": []
        },
        {
          "title": "Visit For the Press link from top nav bar",
          "start": "2024-01-28T00:22:54.297Z",
          "end": "2024-01-28T00:22:57.219Z",
          "duration": 2922,
          "state": "passed",
          "screenshots": []
        },
        {
          "title": "Visit Career Options link from top nav bar",
          "start": "2024-01-28T00:22:57.220Z",
          "end": "2024-01-28T00:22:59.740Z",
          "duration": 2520,
          "state": "passed",
          "screenshots": []
        },
        {
          "title": "Visit Scholarships link from top nav bar",
          "start": "2024-01-28T00:22:59.740Z",
          "end": "2024-01-28T00:23:02.145Z",
          "duration": 2405,
          "state": "passed",
          "screenshots": []
        },
        {
          "title": "Visit CPA Licensure link from top nav bar",
          "start": "2024-01-28T00:23:02.145Z",
          "end": "2024-01-28T00:23:04.977Z",
          "duration": 2832,
          "state": "passed",
          "screenshots": []
        },
        {
          "title": "Visit Ethics Exam link from top nav bar",
          "start": "2024-01-28T00:23:04.977Z",
          "end": "2024-01-28T00:23:07.776Z",
          "duration": 2799,
          "state": "passed",
          "screenshots": []
        },
        {
          "title": "Visit Salary Guide link from top nav bar",
          "start": "2024-01-28T00:23:07.776Z",
          "end": "2024-01-28T00:23:10.309Z",
          "duration": 2533,
          "state": "passed",
          "screenshots": []
        },
        {
          "title": "Visit Fund the Future link from top nav bar",
          "start": "2024-01-28T00:23:10.309Z",
          "end": "2024-01-28T00:23:12.560Z",
          "duration": 2251,
          "state": "passed",
          "screenshots": []
        },
        {
          "title": "Visit For Students link from top nav bar",
          "start": "2024-01-28T00:23:12.560Z",
          "end": "2024-01-28T00:23:14.832Z",
          "duration": 2272,
          "state": "passed",
          "screenshots": []
        },
        {
          "title": "Visit For Educators link from top nav bar",
          "start": "2024-01-28T00:23:14.832Z",
          "end": "2024-01-28T00:23:17.289Z",
          "duration": 2457,
          "state": "passed",
          "screenshots": []
        },
        {
          "title": "Visit For YEPs link from top nav bar",
          "start": "2024-01-28T00:23:17.289Z",
          "end": "2024-01-28T00:23:20.140Z",
          "duration": 2851,
          "state": "passed",
          "screenshots": []
        },
        {
          "title": "Visit Upcoming Events link from top nav bar",
          "start": "2024-01-28T00:23:20.140Z",
          "end": "2024-01-28T00:23:23.731Z",
          "duration": 3591,
          "state": "passed",
          "screenshots": []
        },
        {
          "title": "Visit Find a CPA link from top nav bar",
          "start": "2024-01-28T00:23:23.732Z",
          "end": "2024-01-28T00:23:26.086Z",
          "duration": 2354,
          "state": "passed",
          "screenshots": []
        },
        {
          "title": "Visit About Us link from top nav bar",
          "start": "2024-01-28T00:23:26.087Z",
          "end": "2024-01-28T00:23:27.880Z",
          "duration": 1793,
          "state": "passed",
          "screenshots": []
        }
      ],
      "hooks": []
    }
  ],
  "specs": [
    "C:\\Users\\hi\\Desktop\\calcpa-test-automation\\tests\\website-tests-mobile.js"
  ],
  "state": {
    "passed": 37,
    "failed": 2,
    "skipped": 0
  }
}