{
  "start": "2023-08-24T07:06:00.759Z",
  "end": "2023-08-24T07:13:54.280Z",
  "capabilities": {
    "acceptInsecureCerts": true,
    "browserName": "chrome",
    "browserVersion": "115.0.5790.171",
    "chrome": {
      "chromedriverVersion": "114.0.5735.90 (386bc09e8f4f2e025eddae123f36f6263096ae49-refs/branch-heads/5735@{#1052})",
      "userDataDir": "C:\\Users\\hi\\AppData\\Local\\Temp\\scoped_dir12244_1416917057"
    },
    "goog:chromeOptions": {
      "debuggerAddress": "localhost:52834"
    },
    "networkConnectionEnabled": false,
    "pageLoadStrategy": "normal",
    "platformName": "windows",
    "proxy": {},
    "setWindowRect": true,
    "strictFileInteractability": false,
    "timeouts": {
      "implicit": 0,
      "pageLoad": 300000,
      "script": 30000
    },
    "unhandledPromptBehavior": "dismiss and notify",
    "webauthn:extension:credBlob": true,
    "webauthn:extension:largeBlob": true,
    "webauthn:extension:minPinLength": true,
    "webauthn:extension:prf": true,
    "webauthn:virtualAuthenticators": true,
    "sessionId": "70f4ca98003462afe2d53a910d4e2e41"
  },
  "host": "localhost",
  "port": 9515,
  "framework": "mocha",
  "duration": 473521,
  "suites": [
    {
      "title": "Sanity Checks",
      "duration": 473394,
      "start": "2023-08-24T07:06:00.765Z",
      "end": "2023-08-24T07:13:54.159Z",
      "tests": [
        {
          "title": "Set Up New User and Log In",
          "start": "2023-08-24T07:06:00.765Z",
          "end": "2023-08-24T07:06:38.419Z",
          "duration": 37654,
          "state": "passed",
          "screenshots": []
        },
        {
          "title": "Adds Webinars to Cart from Event Detail Page",
          "start": "2023-08-24T07:06:38.420Z",
          "end": "2023-08-24T07:07:13.524Z",
          "duration": 35104,
          "state": "passed",
          "screenshots": []
        },
        {
          "title": "Adds On-Demand to Cart from Event Detail Page",
          "start": "2023-08-24T07:07:13.525Z",
          "end": "2023-08-24T07:07:50.504Z",
          "duration": 36979,
          "state": "passed",
          "screenshots": []
        },
        {
          "title": "Adds Conferences to Cart from Event Detail Page",
          "start": "2023-08-24T07:07:50.505Z",
          "end": "2023-08-24T07:08:27.185Z",
          "duration": 36680,
          "state": "passed",
          "screenshots": []
        },
        {
          "title": "Adds Chapter Events to Cart from Event Detail Page",
          "start": "2023-08-24T07:08:27.187Z",
          "end": "2023-08-24T07:08:58.902Z",
          "duration": 31715,
          "state": "passed",
          "screenshots": []
        },
        {
          "title": "Joins from Front-End (Candidate)",
          "start": "2023-08-24T07:08:58.936Z",
          "end": "2023-08-24T07:11:33.972Z",
          "duration": 155036,
          "state": "passed",
          "screenshots": []
        },
        {
          "title": "Joins from Front-End (Executive)",
          "start": "2023-08-24T07:11:33.975Z",
          "end": "2023-08-24T07:13:54.155Z",
          "duration": 140180,
          "state": "passed",
          "screenshots": []
        }
      ],
      "hooks": []
    }
  ],
  "specs": [
    "C:\\Users\\hi\\Desktop\\calcpa-test-automation\\tests\\join-tests.js"
  ],
  "state": {
    "passed": 7,
    "failed": 0,
    "skipped": 0
  }
}