{
  "start": "2024-01-06T20:07:41.524Z",
  "end": "2024-01-06T20:15:07.893Z",
  "capabilities": {
    "acceptInsecureCerts": true,
    "browserName": "chrome",
    "browserVersion": "120.0.6099.130",
    "chrome": {
      "chromedriverVersion": "119.0.6045.105 (38c72552c5e15ba9b3117c0967a0fd105072d7c6-refs/branch-heads/6045@{#1103})",
      "userDataDir": "C:\\Users\\hi\\AppData\\Local\\Temp\\scoped_dir10952_2084505962"
    },
    "fedcm:accounts": true,
    "goog:chromeOptions": {
      "debuggerAddress": "localhost:55987"
    },
    "networkConnectionEnabled": false,
    "pageLoadStrategy": "normal",
    "platformName": "windows",
    "proxy": {},
    "setWindowRect": true,
    "strictFileInteractability": false,
    "timeouts": {
      "implicit": 0,
      "pageLoad": 300000,
      "script": 30000
    },
    "unhandledPromptBehavior": "dismiss and notify",
    "webauthn:extension:credBlob": true,
    "webauthn:extension:largeBlob": true,
    "webauthn:extension:minPinLength": true,
    "webauthn:extension:prf": true,
    "webauthn:virtualAuthenticators": true,
    "sessionId": "1c8058ef1001c2299e2361a28803712e"
  },
  "host": "localhost",
  "port": 9515,
  "framework": "mocha",
  "duration": 446369,
  "suites": [
    {
      "title": "Sanity Checks",
      "duration": 446286,
      "start": "2024-01-06T20:07:41.533Z",
      "end": "2024-01-06T20:15:07.819Z",
      "tests": [
        {
          "title": "Visit Current CPAs link from top nav bar",
          "start": "2024-01-06T20:07:41.534Z",
          "end": "2024-01-06T20:07:46.968Z",
          "duration": 5434,
          "state": "passed",
          "screenshots": []
        },
        {
          "title": "Visit Former CPAs link from top nav bar",
          "start": "2024-01-06T20:07:46.976Z",
          "end": "2024-01-06T20:07:53.294Z",
          "duration": 6318,
          "state": "passed",
          "screenshots": []
        },
        {
          "title": "Visit Retired CPAs link from top nav bar",
          "start": "2024-01-06T20:07:53.296Z",
          "end": "2024-01-06T20:08:02.272Z",
          "duration": 8976,
          "state": "passed",
          "screenshots": []
        },
        {
          "title": "Visit Temp out of Work CPAs link from top nav bar",
          "start": "2024-01-06T20:08:02.883Z",
          "end": "2024-01-06T20:08:14.474Z",
          "duration": 11591,
          "state": "passed",
          "screenshots": []
        },
        {
          "title": "Visit Accounting Educators link from top nav bar",
          "start": "2024-01-06T20:08:14.487Z",
          "end": "2024-01-06T20:08:19.170Z",
          "duration": 4683,
          "state": "passed",
          "screenshots": []
        },
        {
          "title": "Visit Professionals link from top nav bar",
          "start": "2024-01-06T20:08:19.170Z",
          "end": "2024-01-06T20:08:32.647Z",
          "duration": 13477,
          "state": "passed",
          "screenshots": []
        },
        {
          "title": "Visit CPA Candidates link from top nav bar",
          "start": "2024-01-06T20:08:32.647Z",
          "end": "2024-01-06T20:08:37.321Z",
          "duration": 4674,
          "state": "passed",
          "screenshots": []
        },
        {
          "title": "Visit College Students link from top nav bar",
          "start": "2024-01-06T20:08:37.322Z",
          "end": "2024-01-06T20:08:47.982Z",
          "duration": 10660,
          "state": "passed",
          "screenshots": []
        },
        {
          "title": "Visit Group Memberships link from top nav bar",
          "start": "2024-01-06T20:08:47.984Z",
          "end": "2024-01-06T20:08:52.994Z",
          "duration": 5010,
          "state": "passed",
          "screenshots": []
        },
        {
          "title": "Visit Chapters link from top nav bar",
          "start": "2024-01-06T20:08:52.994Z",
          "end": "2024-01-06T20:08:56.748Z",
          "duration": 3754,
          "state": "passed",
          "screenshots": []
        },
        {
          "title": "Visit Get involved link from top nav bar",
          "start": "2024-01-06T20:08:56.749Z",
          "end": "2024-01-06T20:08:59.815Z",
          "duration": 3066,
          "state": "passed",
          "screenshots": []
        },
        {
          "title": "Visit Scholarships link from top nav bar",
          "start": "2024-01-06T20:08:59.816Z",
          "duration": 0,
          "state": "pending",
          "screenshots": [
            "C:\\Users\\hi\\Desktop\\calcpa-test-automation\\calcpa-test-automation.github.io\\file-1704571752726.jpeg"
          ]
        },
        {
          "title": "Visit Scholarships link from top nav bar",
          "start": "2024-01-06T20:09:12.730Z",
          "end": "2024-01-06T20:09:15.628Z",
          "duration": 2898,
          "state": "passed",
          "screenshots": []
        },
        {
          "title": "Visit Donate link from top nav bar",
          "start": "2024-01-06T20:09:15.628Z",
          "end": "2024-01-06T20:09:20.490Z",
          "duration": 4862,
          "state": "passed",
          "screenshots": []
        },
        {
          "title": "Visit Search our catalog link from top nav bar",
          "start": "2024-01-06T20:09:20.490Z",
          "end": "2024-01-06T20:09:26.514Z",
          "duration": 6024,
          "state": "passed",
          "screenshots": []
        },
        {
          "title": "Visit Conferences link from top nav bar",
          "start": "2024-01-06T20:09:26.514Z",
          "end": "2024-01-06T20:09:32.219Z",
          "duration": 5705,
          "state": "passed",
          "screenshots": []
        },
        {
          "title": "Visit Webinars link from top nav bar",
          "start": "2024-01-06T20:09:32.219Z",
          "end": "2024-01-06T20:09:37.665Z",
          "duration": 5446,
          "state": "passed",
          "screenshots": []
        },
        {
          "title": "Visit On-demand link from top nav bar",
          "start": "2024-01-06T20:09:37.665Z",
          "end": "2024-01-06T20:09:41.708Z",
          "duration": 4043,
          "state": "passed",
          "screenshots": []
        },
        {
          "title": "Visit Events link from top nav bar",
          "start": "2024-01-06T20:09:41.709Z",
          "end": "2024-01-06T20:09:46.787Z",
          "duration": 5078,
          "state": "passed",
          "screenshots": []
        },
        {
          "title": "Visit Grassroots link from top nav bar",
          "start": "2024-01-06T20:09:46.787Z",
          "end": "2024-01-06T20:09:49.447Z",
          "duration": 2660,
          "state": "passed",
          "screenshots": []
        },
        {
          "title": "Visit Fund the Future link from top nav bar",
          "start": "2024-01-06T20:09:49.447Z",
          "end": "2024-01-06T20:09:52.627Z",
          "duration": 3180,
          "state": "passed",
          "screenshots": []
        },
        {
          "title": "Visit Support link from top nav bar",
          "start": "2024-01-06T20:09:52.627Z",
          "end": "2024-01-06T20:09:55.470Z",
          "duration": 2843,
          "state": "passed",
          "screenshots": []
        },
        {
          "title": "Visit California CPA Magazine link from top nav bar",
          "start": "2024-01-06T20:09:55.470Z",
          "duration": 0,
          "state": "pending",
          "screenshots": [
            "C:\\Users\\hi\\Desktop\\calcpa-test-automation\\calcpa-test-automation.github.io\\file-1704571818643.jpeg"
          ]
        },
        {
          "title": "Visit California CPA Magazine link from top nav bar",
          "start": "2024-01-06T20:10:18.646Z",
          "duration": 0,
          "state": "pending",
          "screenshots": [
            "C:\\Users\\hi\\Desktop\\calcpa-test-automation\\calcpa-test-automation.github.io\\file-1704571841283.jpeg"
          ]
        },
        {
          "title": "Visit California CPA Magazine link from top nav bar",
          "start": "2024-01-06T20:10:41.286Z",
          "duration": 0,
          "state": "pending",
          "screenshots": [
            "C:\\Users\\hi\\Desktop\\calcpa-test-automation\\calcpa-test-automation.github.io\\file-1704571863973.jpeg"
          ]
        },
        {
          "title": "Visit California CPA Magazine link from top nav bar",
          "start": "2024-01-06T20:11:03.975Z",
          "duration": 0,
          "state": "pending",
          "screenshots": [
            "C:\\Users\\hi\\Desktop\\calcpa-test-automation\\calcpa-test-automation.github.io\\file-1704571887401.jpeg"
          ]
        },
        {
          "title": "Visit California CPA Magazine link from top nav bar",
          "start": "2024-01-06T20:11:27.408Z",
          "duration": 0,
          "state": "pending",
          "screenshots": [
            "C:\\Users\\hi\\Desktop\\calcpa-test-automation\\calcpa-test-automation.github.io\\file-1704571910435.jpeg"
          ]
        },
        {
          "title": "Visit California CPA Magazine link from top nav bar",
          "start": "2024-01-06T20:11:50.437Z",
          "end": "2024-01-06T20:12:12.857Z",
          "duration": 22420,
          "state": "failed",
          "screenshots": [
            "C:\\Users\\hi\\Desktop\\calcpa-test-automation\\calcpa-test-automation.github.io\\file-1704571932852.jpeg"
          ],
          "error": {
            "type": "Error",
            "message": "The text 'The magazine' was not displayed on the page 'https://magical-clafoutis-672f72.netlify.app/whats-happening/california-cpa-magazine' within twenty seconds!",
            "stack": "Error: The text 'The magazine' was not displayed on the page 'https://magical-clafoutis-672f72.netlify.app/whats-happening/california-cpa-magazine' within twenty seconds!\n    at C:\\Users\\hi\\Desktop\\calcpa-test-automation\\node_modules\\webdriverio\\build\\commands\\browser\\waitUntil.js:66:23\n    at async Browser.runCommandWithHooks (C:\\Users\\hi\\Desktop\\calcpa-test-automation\\node_modules\\@wdio\\sync\\build\\wrapCommand.js:105:25)\n    at Browser.runCommandWithHooks (C:\\Users\\hi\\Desktop\\calcpa-test-automation\\node_modules\\@wdio\\sync\\build\\wrapCommand.js:100:24)\n    at Browser.wrapCommandFn (C:\\Users\\hi\\Desktop\\calcpa-test-automation\\node_modules\\@wdio\\sync\\build\\wrapCommand.js:67:44)\n    at Browser.<anonymous> (C:\\Users\\hi\\Desktop\\calcpa-test-automation\\node_modules\\webdriverio\\node_modules\\@wdio\\utils\\build\\shim.js:276:24)\n    at Function.waitForTextToBeDisplayed (C:\\Users\\hi\\Desktop\\calcpa-test-automation\\utilities.js:114:17)\n    at Context.<anonymous> (C:\\Users\\hi\\Desktop\\calcpa-test-automation\\tests\\website-tests-mobile.js:83:19)\n    at Context.executeSync (C:\\Users\\hi\\Desktop\\calcpa-test-automation\\node_modules\\@wdio\\sync\\build\\index.js:38:22)\n    at C:\\Users\\hi\\Desktop\\calcpa-test-automation\\node_modules\\@wdio\\sync\\build\\index.js:69:73"
          }
        },
        {
          "title": "Visit Knowledge Hub link from top nav bar",
          "start": "2024-01-06T20:12:12.858Z",
          "end": "2024-01-06T20:12:18.336Z",
          "duration": 5478,
          "state": "passed",
          "screenshots": []
        },
        {
          "title": "Visit Daily Clips link from top nav bar",
          "start": "2024-01-06T20:12:18.336Z",
          "end": "2024-01-06T20:12:20.847Z",
          "duration": 2511,
          "state": "passed",
          "screenshots": []
        },
        {
          "title": "Visit It's Material link from top nav bar",
          "start": "2024-01-06T20:12:20.847Z",
          "duration": 0,
          "state": "pending",
          "screenshots": [
            "C:\\Users\\hi\\Desktop\\calcpa-test-automation\\calcpa-test-automation.github.io\\file-1704571963095.jpeg"
          ]
        },
        {
          "title": "Visit It's Material link from top nav bar",
          "start": "2024-01-06T20:12:43.098Z",
          "duration": 0,
          "state": "pending",
          "screenshots": [
            "C:\\Users\\hi\\Desktop\\calcpa-test-automation\\calcpa-test-automation.github.io\\file-1704571985719.jpeg"
          ]
        },
        {
          "title": "Visit It's Material link from top nav bar",
          "start": "2024-01-06T20:13:05.722Z",
          "duration": 0,
          "state": "pending",
          "screenshots": [
            "C:\\Users\\hi\\Desktop\\calcpa-test-automation\\calcpa-test-automation.github.io\\file-1704572008220.jpeg"
          ]
        },
        {
          "title": "Visit It's Material link from top nav bar",
          "start": "2024-01-06T20:13:28.223Z",
          "duration": 0,
          "state": "pending",
          "screenshots": [
            "C:\\Users\\hi\\Desktop\\calcpa-test-automation\\calcpa-test-automation.github.io\\file-1704572030792.jpeg"
          ]
        },
        {
          "title": "Visit It's Material link from top nav bar",
          "start": "2024-01-06T20:13:50.795Z",
          "duration": 0,
          "state": "pending",
          "screenshots": [
            "C:\\Users\\hi\\Desktop\\calcpa-test-automation\\calcpa-test-automation.github.io\\file-1704572053590.jpeg"
          ]
        },
        {
          "title": "Visit It's Material link from top nav bar",
          "start": "2024-01-06T20:14:13.593Z",
          "end": "2024-01-06T20:14:36.162Z",
          "duration": 22569,
          "state": "failed",
          "screenshots": [
            "C:\\Users\\hi\\Desktop\\calcpa-test-automation\\calcpa-test-automation.github.io\\file-1704572076157.jpeg"
          ],
          "error": {
            "type": "Error",
            "message": "The text 'magazine' was not displayed on the page 'https://magical-clafoutis-672f72.netlify.app/whats-happening/california-cpa-magazine/it-s-material' within twenty seconds!",
            "stack": "Error: The text 'magazine' was not displayed on the page 'https://magical-clafoutis-672f72.netlify.app/whats-happening/california-cpa-magazine/it-s-material' within twenty seconds!\n    at C:\\Users\\hi\\Desktop\\calcpa-test-automation\\node_modules\\webdriverio\\build\\commands\\browser\\waitUntil.js:66:23\n    at async Browser.runCommandWithHooks (C:\\Users\\hi\\Desktop\\calcpa-test-automation\\node_modules\\@wdio\\sync\\build\\wrapCommand.js:105:25)\n    at Browser.runCommandWithHooks (C:\\Users\\hi\\Desktop\\calcpa-test-automation\\node_modules\\@wdio\\sync\\build\\wrapCommand.js:100:24)\n    at Browser.wrapCommandFn (C:\\Users\\hi\\Desktop\\calcpa-test-automation\\node_modules\\@wdio\\sync\\build\\wrapCommand.js:67:44)\n    at Browser.<anonymous> (C:\\Users\\hi\\Desktop\\calcpa-test-automation\\node_modules\\webdriverio\\node_modules\\@wdio\\utils\\build\\shim.js:276:24)\n    at Function.waitForTextToBeDisplayed (C:\\Users\\hi\\Desktop\\calcpa-test-automation\\utilities.js:114:17)\n    at Context.<anonymous> (C:\\Users\\hi\\Desktop\\calcpa-test-automation\\tests\\website-tests-mobile.js:83:19)\n    at Context.executeSync (C:\\Users\\hi\\Desktop\\calcpa-test-automation\\node_modules\\@wdio\\sync\\build\\index.js:38:22)\n    at C:\\Users\\hi\\Desktop\\calcpa-test-automation\\node_modules\\@wdio\\sync\\build\\index.js:69:73"
          }
        },
        {
          "title": "Visit Upcoming Events link from top nav bar",
          "start": "2024-01-06T20:14:36.163Z",
          "end": "2024-01-06T20:14:40.026Z",
          "duration": 3863,
          "state": "passed",
          "screenshots": []
        },
        {
          "title": "Visit For the Press link from top nav bar",
          "start": "2024-01-06T20:14:40.026Z",
          "end": "2024-01-06T20:14:42.301Z",
          "duration": 2275,
          "state": "passed",
          "screenshots": []
        },
        {
          "title": "Visit Career Options link from top nav bar",
          "start": "2024-01-06T20:14:42.301Z",
          "end": "2024-01-06T20:14:44.390Z",
          "duration": 2089,
          "state": "passed",
          "screenshots": []
        },
        {
          "title": "Visit Scholarships link from top nav bar",
          "start": "2024-01-06T20:14:44.390Z",
          "end": "2024-01-06T20:14:46.528Z",
          "duration": 2138,
          "state": "passed",
          "screenshots": []
        },
        {
          "title": "Visit CPA Licensure link from top nav bar",
          "start": "2024-01-06T20:14:46.528Z",
          "end": "2024-01-06T20:14:48.617Z",
          "duration": 2089,
          "state": "passed",
          "screenshots": []
        },
        {
          "title": "Visit Ethics Exam link from top nav bar",
          "start": "2024-01-06T20:14:48.618Z",
          "end": "2024-01-06T20:14:51.022Z",
          "duration": 2404,
          "state": "passed",
          "screenshots": []
        },
        {
          "title": "Visit Salary Guide link from top nav bar",
          "start": "2024-01-06T20:14:51.023Z",
          "end": "2024-01-06T20:14:53.166Z",
          "duration": 2143,
          "state": "passed",
          "screenshots": []
        },
        {
          "title": "Visit Fund the Future link from top nav bar",
          "start": "2024-01-06T20:14:53.166Z",
          "end": "2024-01-06T20:14:55.302Z",
          "duration": 2136,
          "state": "passed",
          "screenshots": []
        },
        {
          "title": "Visit For Students link from top nav bar",
          "start": "2024-01-06T20:14:55.302Z",
          "end": "2024-01-06T20:14:57.527Z",
          "duration": 2225,
          "state": "passed",
          "screenshots": []
        },
        {
          "title": "Visit For Educators link from top nav bar",
          "start": "2024-01-06T20:14:57.527Z",
          "end": "2024-01-06T20:14:59.824Z",
          "duration": 2297,
          "state": "passed",
          "screenshots": []
        },
        {
          "title": "Visit For YEPs link from top nav bar",
          "start": "2024-01-06T20:14:59.824Z",
          "end": "2024-01-06T20:15:02.001Z",
          "duration": 2177,
          "state": "passed",
          "screenshots": []
        },
        {
          "title": "Visit Upcoming Events link from top nav bar",
          "start": "2024-01-06T20:15:02.001Z",
          "end": "2024-01-06T20:15:04.676Z",
          "duration": 2675,
          "state": "passed",
          "screenshots": []
        },
        {
          "title": "Visit Find a CPA link from top nav bar",
          "start": "2024-01-06T20:15:04.676Z",
          "end": "2024-01-06T20:15:06.477Z",
          "duration": 1801,
          "state": "passed",
          "screenshots": []
        },
        {
          "title": "Visit About Us link from top nav bar",
          "start": "2024-01-06T20:15:06.477Z",
          "end": "2024-01-06T20:15:07.818Z",
          "duration": 1341,
          "state": "passed",
          "screenshots": []
        }
      ],
      "hooks": []
    }
  ],
  "specs": [
    "C:\\Users\\hi\\Desktop\\calcpa-test-automation\\tests\\website-tests-mobile.js"
  ],
  "state": {
    "passed": 37,
    "failed": 2,
    "skipped": 0
  }
}