{
  "start": "2023-08-23T23:09:24.398Z",
  "end": "2023-08-23T23:09:25.805Z",
  "capabilities": {
    "acceptInsecureCerts": true,
    "browserName": "chrome",
    "browserVersion": "115.0.5790.171",
    "chrome": {
      "chromedriverVersion": "114.0.5735.90 (386bc09e8f4f2e025eddae123f36f6263096ae49-refs/branch-heads/5735@{#1052})",
      "userDataDir": "C:\\Users\\hi\\AppData\\Local\\Temp\\scoped_dir6832_535613801"
    },
    "goog:chromeOptions": {
      "debuggerAddress": "localhost:59698"
    },
    "networkConnectionEnabled": false,
    "pageLoadStrategy": "normal",
    "platformName": "windows",
    "proxy": {},
    "setWindowRect": true,
    "strictFileInteractability": false,
    "timeouts": {
      "implicit": 0,
      "pageLoad": 300000,
      "script": 30000
    },
    "unhandledPromptBehavior": "dismiss and notify",
    "webauthn:extension:credBlob": true,
    "webauthn:extension:largeBlob": true,
    "webauthn:extension:minPinLength": true,
    "webauthn:extension:prf": true,
    "webauthn:virtualAuthenticators": true,
    "sessionId": "7dbee2f8052226675d531174188535d8"
  },
  "host": "localhost",
  "port": 9515,
  "framework": "mocha",
  "duration": 1407,
  "suites": [
    {
      "title": "Sanity Checks",
      "duration": 1269,
      "start": "2023-08-23T23:09:24.403Z",
      "end": "2023-08-23T23:09:25.672Z",
      "tests": [
        {
          "title": "Visit Site",
          "start": "2023-08-23T23:09:24.404Z",
          "end": "2023-08-23T23:09:25.671Z",
          "duration": 1267,
          "state": "passed",
          "screenshots": []
        }
      ],
      "hooks": []
    }
  ],
  "specs": [
    "C:\\Users\\hi\\Desktop\\calcpa-test-automation\\tests\\website-tests.js"
  ],
  "state": {
    "passed": 1,
    "failed": 0,
    "skipped": 0
  }
}