{
  "start": "2023-11-21T00:03:21.634Z",
  "end": "2023-11-21T00:08:15.887Z",
  "capabilities": {
    "acceptInsecureCerts": true,
    "browserName": "chrome",
    "browserVersion": "119.0.6045.160",
    "chrome": {
      "chromedriverVersion": "119.0.6045.105 (38c72552c5e15ba9b3117c0967a0fd105072d7c6-refs/branch-heads/6045@{#1103})",
      "userDataDir": "C:\\Users\\hi\\AppData\\Local\\Temp\\scoped_dir7120_1470318668"
    },
    "fedcm:accounts": true,
    "goog:chromeOptions": {
      "debuggerAddress": "localhost:55642"
    },
    "networkConnectionEnabled": false,
    "pageLoadStrategy": "normal",
    "platformName": "windows",
    "proxy": {},
    "setWindowRect": true,
    "strictFileInteractability": false,
    "timeouts": {
      "implicit": 0,
      "pageLoad": 300000,
      "script": 30000
    },
    "unhandledPromptBehavior": "dismiss and notify",
    "webauthn:extension:credBlob": true,
    "webauthn:extension:largeBlob": true,
    "webauthn:extension:minPinLength": true,
    "webauthn:extension:prf": true,
    "webauthn:virtualAuthenticators": true,
    "sessionId": "c5cb94a1c0bc77851aeb4982e6f05a5c"
  },
  "host": "localhost",
  "port": 9515,
  "framework": "mocha",
  "duration": 294253,
  "suites": [
    {
      "title": "Sanity Checks",
      "duration": 293951,
      "start": "2023-11-21T00:03:21.640Z",
      "end": "2023-11-21T00:08:15.591Z",
      "tests": [
        {
          "title": "Set Up New User and Log In",
          "start": "2023-11-21T00:03:21.641Z",
          "end": "2023-11-21T00:03:59.492Z",
          "duration": 37851,
          "state": "passed",
          "screenshots": []
        },
        {
          "title": "Joins from Front-End (Candidate)",
          "start": "2023-11-21T00:03:59.494Z",
          "end": "2023-11-21T00:05:53.793Z",
          "duration": 114299,
          "state": "passed",
          "screenshots": []
        },
        {
          "title": "Joins from Front-End (Executive)",
          "start": "2023-11-21T00:05:53.793Z",
          "end": "2023-11-21T00:08:15.577Z",
          "duration": 141784,
          "state": "passed",
          "screenshots": []
        }
      ],
      "hooks": []
    }
  ],
  "specs": [
    "C:\\Users\\hi\\Desktop\\calcpa-test-automation\\tests\\join-tests.js"
  ],
  "state": {
    "passed": 3,
    "failed": 0,
    "skipped": 0
  }
}