{
  "start": "2023-12-29T16:07:29.338Z",
  "end": "2023-12-29T16:07:45.131Z",
  "capabilities": {
    "acceptInsecureCerts": true,
    "browserName": "chrome",
    "browserVersion": "120.0.6099.130",
    "chrome": {
      "chromedriverVersion": "119.0.6045.105 (38c72552c5e15ba9b3117c0967a0fd105072d7c6-refs/branch-heads/6045@{#1103})",
      "userDataDir": "C:\\Users\\hi\\AppData\\Local\\Temp\\scoped_dir980_1709833968"
    },
    "fedcm:accounts": true,
    "goog:chromeOptions": {
      "debuggerAddress": "localhost:52624"
    },
    "networkConnectionEnabled": false,
    "pageLoadStrategy": "normal",
    "platformName": "windows",
    "proxy": {},
    "setWindowRect": true,
    "strictFileInteractability": false,
    "timeouts": {
      "implicit": 0,
      "pageLoad": 300000,
      "script": 30000
    },
    "unhandledPromptBehavior": "dismiss and notify",
    "webauthn:extension:credBlob": true,
    "webauthn:extension:largeBlob": true,
    "webauthn:extension:minPinLength": true,
    "webauthn:extension:prf": true,
    "webauthn:virtualAuthenticators": true,
    "sessionId": "94231b3bea4c78a115a6649f0ae2e0d4"
  },
  "host": "localhost",
  "port": 9515,
  "framework": "mocha",
  "duration": 15793,
  "suites": [
    {
      "title": "Sanity Checks",
      "duration": 15732,
      "start": "2023-12-29T16:07:29.343Z",
      "end": "2023-12-29T16:07:45.075Z",
      "tests": [
        {
          "title": "Visit Find CPE courses link from homepage",
          "start": "2023-12-29T16:07:29.343Z",
          "end": "2023-12-29T16:07:32.782Z",
          "duration": 3439,
          "state": "passed",
          "screenshots": []
        },
        {
          "title": "Visit Explore membership link from homepage",
          "start": "2023-12-29T16:07:32.782Z",
          "end": "2023-12-29T16:07:34.029Z",
          "duration": 1247,
          "state": "passed",
          "screenshots": []
        },
        {
          "title": "Visit Pay my bill link from homepage",
          "start": "2023-12-29T16:07:34.029Z",
          "end": "2023-12-29T16:07:37.519Z",
          "duration": 3490,
          "state": "passed",
          "screenshots": []
        },
        {
          "title": "Visit Become a CPA link from homepage",
          "start": "2023-12-29T16:07:37.520Z",
          "end": "2023-12-29T16:07:39.296Z",
          "duration": 1776,
          "state": "passed",
          "screenshots": []
        },
        {
          "title": "Visit Take the ethics exam link from homepage",
          "start": "2023-12-29T16:07:39.296Z",
          "end": "2023-12-29T16:07:40.780Z",
          "duration": 1484,
          "state": "passed",
          "screenshots": []
        },
        {
          "title": "Visit Make a donation link from homepage",
          "start": "2023-12-29T16:07:40.780Z",
          "end": "2023-12-29T16:07:42.280Z",
          "duration": 1500,
          "state": "passed",
          "screenshots": []
        },
        {
          "title": "Visit Find a CPA link from homepage",
          "start": "2023-12-29T16:07:42.280Z",
          "end": "2023-12-29T16:07:45.074Z",
          "duration": 2794,
          "state": "passed",
          "screenshots": []
        }
      ],
      "hooks": []
    }
  ],
  "specs": [
    "C:\\Users\\hi\\Desktop\\calcpa-test-automation\\tests\\website-tests-mobile2.js"
  ],
  "state": {
    "passed": 7,
    "failed": 0,
    "skipped": 0
  }
}