{
  "start": "2023-09-22T19:00:09.116Z",
  "end": "2023-09-22T19:13:35.596Z",
  "capabilities": {
    "acceptInsecureCerts": true,
    "browserName": "chrome",
    "browserVersion": "116.0.5845.188",
    "chrome": {
      "chromedriverVersion": "115.0.5790.170 (cc0d30c2ca5577520c8646671513241faa0bc105-refs/branch-heads/5790@{#1923})",
      "userDataDir": "C:\\Users\\hi\\AppData\\Local\\Temp\\scoped_dir10432_2146737563"
    },
    "goog:chromeOptions": {
      "debuggerAddress": "localhost:52012"
    },
    "networkConnectionEnabled": false,
    "pageLoadStrategy": "normal",
    "platformName": "windows",
    "proxy": {},
    "setWindowRect": true,
    "strictFileInteractability": false,
    "timeouts": {
      "implicit": 0,
      "pageLoad": 300000,
      "script": 30000
    },
    "unhandledPromptBehavior": "dismiss and notify",
    "webauthn:extension:credBlob": true,
    "webauthn:extension:largeBlob": true,
    "webauthn:extension:minPinLength": true,
    "webauthn:extension:prf": true,
    "webauthn:virtualAuthenticators": true,
    "sessionId": "cbb6ad8f59d109065c94c684e2939a35"
  },
  "host": "localhost",
  "port": 9515,
  "framework": "mocha",
  "duration": 806480,
  "suites": [
    {
      "title": "Sanity Checks",
      "duration": 806386,
      "start": "2023-09-22T19:00:09.134Z",
      "end": "2023-09-22T19:13:35.520Z",
      "tests": [
        {
          "title": "Set Up New User and Log In",
          "start": "2023-09-22T19:00:09.135Z",
          "end": "2023-09-22T19:00:49.336Z",
          "duration": 40201,
          "state": "passed",
          "screenshots": []
        },
        {
          "title": "Adds Webinars to Cart from Event Detail Page",
          "start": "2023-09-22T19:00:49.336Z",
          "end": "2023-09-22T19:01:23.434Z",
          "duration": 34098,
          "state": "passed",
          "screenshots": []
        },
        {
          "title": "Adds On-Demand to Cart from Event Detail Page",
          "start": "2023-09-22T19:01:23.434Z",
          "end": "2023-09-22T19:01:52.123Z",
          "duration": 28689,
          "state": "passed",
          "screenshots": []
        },
        {
          "title": "Adds Conferences to Cart from Event Detail Page",
          "start": "2023-09-22T19:01:52.124Z",
          "end": "2023-09-22T19:02:20.954Z",
          "duration": 28830,
          "state": "passed",
          "screenshots": []
        },
        {
          "title": "Adds Chapter Events to Cart from Event Detail Page",
          "start": "2023-09-22T19:02:20.954Z",
          "end": "2023-09-22T19:02:50.170Z",
          "duration": 29216,
          "state": "passed",
          "screenshots": []
        },
        {
          "title": "Joins from Front-End (Candidate)",
          "start": "2023-09-22T19:02:50.170Z",
          "duration": 0,
          "state": "pending",
          "screenshots": [
            "C:\\Users\\hi\\Desktop\\calcpa-test-automation\\calcpa-test-automation.github.io\\file-1695409433657.jpeg"
          ]
        },
        {
          "title": "Joins from Front-End (Candidate)",
          "start": "2023-09-22T19:03:53.665Z",
          "duration": 0,
          "state": "pending",
          "screenshots": [
            "C:\\Users\\hi\\Desktop\\calcpa-test-automation\\calcpa-test-automation.github.io\\file-1695409486376.jpeg"
          ]
        },
        {
          "title": "Joins from Front-End (Candidate)",
          "start": "2023-09-22T19:04:46.383Z",
          "duration": 0,
          "state": "pending",
          "screenshots": [
            "C:\\Users\\hi\\Desktop\\calcpa-test-automation\\calcpa-test-automation.github.io\\file-1695409538133.jpeg"
          ]
        },
        {
          "title": "Joins from Front-End (Candidate)",
          "start": "2023-09-22T19:05:38.137Z",
          "duration": 0,
          "state": "pending",
          "screenshots": [
            "C:\\Users\\hi\\Desktop\\calcpa-test-automation\\calcpa-test-automation.github.io\\file-1695409592014.jpeg"
          ]
        },
        {
          "title": "Joins from Front-End (Candidate)",
          "start": "2023-09-22T19:06:32.017Z",
          "duration": 0,
          "state": "pending",
          "screenshots": [
            "C:\\Users\\hi\\Desktop\\calcpa-test-automation\\calcpa-test-automation.github.io\\file-1695409642573.jpeg"
          ]
        },
        {
          "title": "Joins from Front-End (Candidate)",
          "start": "2023-09-22T19:07:22.580Z",
          "end": "2023-09-22T19:08:15.211Z",
          "duration": 52631,
          "state": "failed",
          "screenshots": [
            "C:\\Users\\hi\\Desktop\\calcpa-test-automation\\calcpa-test-automation.github.io\\file-1695409695193.jpeg"
          ],
          "error": {
            "type": "Error",
            "message": "The element was not clickable within 10 seconds!",
            "stack": "Error: The element was not clickable within 10 seconds!\n    at C:\\Users\\hi\\Desktop\\calcpa-test-automation\\node_modules\\webdriverio\\build\\commands\\browser\\waitUntil.js:66:23\n    at async Browser.runCommandWithHooks (C:\\Users\\hi\\Desktop\\calcpa-test-automation\\node_modules\\@wdio\\sync\\build\\wrapCommand.js:105:25)\n    at Browser.runCommandWithHooks (C:\\Users\\hi\\Desktop\\calcpa-test-automation\\node_modules\\@wdio\\sync\\build\\wrapCommand.js:100:24)\n    at Browser.wrapCommandFn (C:\\Users\\hi\\Desktop\\calcpa-test-automation\\node_modules\\@wdio\\sync\\build\\wrapCommand.js:67:44)\n    at Browser.<anonymous> (C:\\Users\\hi\\Desktop\\calcpa-test-automation\\node_modules\\webdriverio\\node_modules\\@wdio\\utils\\build\\shim.js:276:24)\n    at Function.waitForElementReadiness (C:\\Users\\hi\\Desktop\\calcpa-test-automation\\utilities.js:31:17)\n    at Function.click (C:\\Users\\hi\\Desktop\\calcpa-test-automation\\utilities.js:67:14)\n    at Function.joinAsCandidate (C:\\Users\\hi\\Desktop\\calcpa-test-automation\\pages\\frontend\\join-page.js:50:15)\n    at Context.<anonymous> (C:\\Users\\hi\\Desktop\\calcpa-test-automation\\tests\\join-tests.js:49:26)\n    at Context.executeSync (C:\\Users\\hi\\Desktop\\calcpa-test-automation\\node_modules\\@wdio\\sync\\build\\index.js:38:22)\n    at C:\\Users\\hi\\Desktop\\calcpa-test-automation\\node_modules\\@wdio\\sync\\build\\index.js:69:73"
          }
        },
        {
          "title": "Joins from Front-End (Executive)",
          "start": "2023-09-22T19:08:15.216Z",
          "duration": 0,
          "state": "pending",
          "screenshots": [
            "C:\\Users\\hi\\Desktop\\calcpa-test-automation\\calcpa-test-automation.github.io\\file-1695409745906.jpeg"
          ]
        },
        {
          "title": "Joins from Front-End (Executive)",
          "start": "2023-09-22T19:09:05.912Z",
          "duration": 0,
          "state": "pending",
          "screenshots": [
            "C:\\Users\\hi\\Desktop\\calcpa-test-automation\\calcpa-test-automation.github.io\\file-1695409800551.jpeg"
          ]
        },
        {
          "title": "Joins from Front-End (Executive)",
          "start": "2023-09-22T19:10:00.557Z",
          "duration": 0,
          "state": "pending",
          "screenshots": [
            "C:\\Users\\hi\\Desktop\\calcpa-test-automation\\calcpa-test-automation.github.io\\file-1695409854879.jpeg"
          ]
        },
        {
          "title": "Joins from Front-End (Executive)",
          "start": "2023-09-22T19:10:54.883Z",
          "duration": 0,
          "state": "pending",
          "screenshots": [
            "C:\\Users\\hi\\Desktop\\calcpa-test-automation\\calcpa-test-automation.github.io\\file-1695409907127.jpeg"
          ]
        },
        {
          "title": "Joins from Front-End (Executive)",
          "start": "2023-09-22T19:11:47.129Z",
          "duration": 0,
          "state": "pending",
          "screenshots": [
            "C:\\Users\\hi\\Desktop\\calcpa-test-automation\\calcpa-test-automation.github.io\\file-1695409956409.jpeg"
          ]
        },
        {
          "title": "Joins from Front-End (Executive)",
          "start": "2023-09-22T19:12:36.412Z",
          "end": "2023-09-22T19:13:35.515Z",
          "duration": 59103,
          "state": "failed",
          "screenshots": [
            "C:\\Users\\hi\\Desktop\\calcpa-test-automation\\calcpa-test-automation.github.io\\file-1695410015512.jpeg"
          ],
          "error": {
            "type": "Error",
            "message": "The element was not clickable within 10 seconds!",
            "stack": "Error: The element was not clickable within 10 seconds!\n    at C:\\Users\\hi\\Desktop\\calcpa-test-automation\\node_modules\\webdriverio\\build\\commands\\browser\\waitUntil.js:66:23\n    at async Browser.runCommandWithHooks (C:\\Users\\hi\\Desktop\\calcpa-test-automation\\node_modules\\@wdio\\sync\\build\\wrapCommand.js:105:25)\n    at Browser.runCommandWithHooks (C:\\Users\\hi\\Desktop\\calcpa-test-automation\\node_modules\\@wdio\\sync\\build\\wrapCommand.js:100:24)\n    at Browser.wrapCommandFn (C:\\Users\\hi\\Desktop\\calcpa-test-automation\\node_modules\\@wdio\\sync\\build\\wrapCommand.js:67:44)\n    at Browser.<anonymous> (C:\\Users\\hi\\Desktop\\calcpa-test-automation\\node_modules\\webdriverio\\node_modules\\@wdio\\utils\\build\\shim.js:276:24)\n    at Function.waitForElementReadiness (C:\\Users\\hi\\Desktop\\calcpa-test-automation\\utilities.js:31:17)\n    at Function.click (C:\\Users\\hi\\Desktop\\calcpa-test-automation\\utilities.js:67:14)\n    at Function.joinAsExecutive (C:\\Users\\hi\\Desktop\\calcpa-test-automation\\pages\\frontend\\join-page.js:91:15)\n    at Context.<anonymous> (C:\\Users\\hi\\Desktop\\calcpa-test-automation\\tests\\join-tests.js:56:26)\n    at Context.executeSync (C:\\Users\\hi\\Desktop\\calcpa-test-automation\\node_modules\\@wdio\\sync\\build\\index.js:38:22)\n    at C:\\Users\\hi\\Desktop\\calcpa-test-automation\\node_modules\\@wdio\\sync\\build\\index.js:69:73"
          }
        }
      ],
      "hooks": []
    }
  ],
  "specs": [
    "C:\\Users\\hi\\Desktop\\calcpa-test-automation\\tests\\join-tests.js"
  ],
  "state": {
    "passed": 5,
    "failed": 2,
    "skipped": 0
  }
}