{
  "start": "2024-03-20T23:07:01.509Z",
  "end": "2024-03-20T23:07:18.172Z",
  "capabilities": {
    "acceptInsecureCerts": true,
    "browserName": "chrome",
    "browserVersion": "122.0.6261.129",
    "chrome": {
      "chromedriverVersion": "121.0.6167.85 (3f98d690ad7e59242ef110144c757b2ac4eef1a2-refs/branch-heads/6167@{#1539})",
      "userDataDir": "C:\\Users\\hi\\AppData\\Local\\Temp\\scoped_dir17512_828906012"
    },
    "fedcm:accounts": true,
    "goog:chromeOptions": {
      "debuggerAddress": "localhost:53721"
    },
    "networkConnectionEnabled": false,
    "pageLoadStrategy": "normal",
    "platformName": "windows",
    "proxy": {},
    "setWindowRect": true,
    "strictFileInteractability": false,
    "timeouts": {
      "implicit": 0,
      "pageLoad": 300000,
      "script": 30000
    },
    "unhandledPromptBehavior": "dismiss and notify",
    "webauthn:extension:credBlob": true,
    "webauthn:extension:largeBlob": true,
    "webauthn:extension:minPinLength": true,
    "webauthn:extension:prf": true,
    "webauthn:virtualAuthenticators": true,
    "sessionId": "553d5ff8e252a1652111d243c4952d34"
  },
  "host": "localhost",
  "port": 9515,
  "framework": "mocha",
  "duration": 16663,
  "suites": [
    {
      "title": "Sanity Checks",
      "duration": 16591,
      "start": "2024-03-20T23:07:01.514Z",
      "end": "2024-03-20T23:07:18.105Z",
      "tests": [
        {
          "title": "Visit Find CPE courses link from homepage",
          "start": "2024-03-20T23:07:01.514Z",
          "end": "2024-03-20T23:07:04.770Z",
          "duration": 3256,
          "state": "passed",
          "screenshots": []
        },
        {
          "title": "Visit Explore membership link from homepage",
          "start": "2024-03-20T23:07:04.770Z",
          "end": "2024-03-20T23:07:06.506Z",
          "duration": 1736,
          "state": "passed",
          "screenshots": []
        },
        {
          "title": "Visit Pay my bill link from homepage",
          "start": "2024-03-20T23:07:06.506Z",
          "end": "2024-03-20T23:07:09.555Z",
          "duration": 3049,
          "state": "passed",
          "screenshots": []
        },
        {
          "title": "Visit Become a CPA link from homepage",
          "start": "2024-03-20T23:07:09.556Z",
          "end": "2024-03-20T23:07:11.375Z",
          "duration": 1819,
          "state": "passed",
          "screenshots": []
        },
        {
          "title": "Visit Take the ethics exam link from homepage",
          "start": "2024-03-20T23:07:11.376Z",
          "end": "2024-03-20T23:07:13.216Z",
          "duration": 1840,
          "state": "passed",
          "screenshots": []
        },
        {
          "title": "Visit Make a donation link from homepage",
          "start": "2024-03-20T23:07:13.216Z",
          "end": "2024-03-20T23:07:14.810Z",
          "duration": 1594,
          "state": "passed",
          "screenshots": []
        },
        {
          "title": "Visit Find a CPA link from homepage",
          "start": "2024-03-20T23:07:14.810Z",
          "end": "2024-03-20T23:07:18.104Z",
          "duration": 3294,
          "state": "passed",
          "screenshots": []
        }
      ],
      "hooks": []
    }
  ],
  "specs": [
    "C:\\Users\\hi\\Desktop\\calcpa-test-automation\\tests\\website-tests-mobile2.js"
  ],
  "state": {
    "passed": 7,
    "failed": 0,
    "skipped": 0
  }
}