{
  "start": "2023-10-28T07:04:56.412Z",
  "end": "2023-10-28T07:05:15.753Z",
  "capabilities": {
    "acceptInsecureCerts": true,
    "browserName": "chrome",
    "browserVersion": "118.0.5993.118",
    "chrome": {
      "chromedriverVersion": "117.0.5938.92 (67649b10b92bb182fba357831ef7dd6a1baa5648-refs/branch-heads/5938_62@{#14})",
      "userDataDir": "C:\\Users\\hi\\AppData\\Local\\Temp\\scoped_dir18572_1477562533"
    },
    "fedcm:accounts": true,
    "goog:chromeOptions": {
      "debuggerAddress": "localhost:58373"
    },
    "networkConnectionEnabled": false,
    "pageLoadStrategy": "normal",
    "platformName": "windows",
    "proxy": {},
    "setWindowRect": true,
    "strictFileInteractability": false,
    "timeouts": {
      "implicit": 0,
      "pageLoad": 300000,
      "script": 30000
    },
    "unhandledPromptBehavior": "dismiss and notify",
    "webauthn:extension:credBlob": true,
    "webauthn:extension:largeBlob": true,
    "webauthn:extension:minPinLength": true,
    "webauthn:extension:prf": true,
    "webauthn:virtualAuthenticators": true,
    "sessionId": "42049475657ea80e32dddf876a2979a8"
  },
  "host": "localhost",
  "port": 9515,
  "framework": "mocha",
  "duration": 19341,
  "suites": [
    {
      "title": "Sanity Checks",
      "duration": 19247,
      "start": "2023-10-28T07:04:56.417Z",
      "end": "2023-10-28T07:05:15.664Z",
      "tests": [
        {
          "title": "Visit Find CPE courses link from homepage",
          "start": "2023-10-28T07:04:56.417Z",
          "end": "2023-10-28T07:05:00.602Z",
          "duration": 4185,
          "state": "passed",
          "screenshots": []
        },
        {
          "title": "Visit Explore membership link from homepage",
          "start": "2023-10-28T07:05:00.603Z",
          "end": "2023-10-28T07:05:02.246Z",
          "duration": 1643,
          "state": "passed",
          "screenshots": []
        },
        {
          "title": "Visit Pay my bill link from homepage",
          "start": "2023-10-28T07:05:02.247Z",
          "end": "2023-10-28T07:05:06.617Z",
          "duration": 4370,
          "state": "passed",
          "screenshots": []
        },
        {
          "title": "Visit Become a CPA link from homepage",
          "start": "2023-10-28T07:05:06.618Z",
          "end": "2023-10-28T07:05:09.996Z",
          "duration": 3378,
          "state": "passed",
          "screenshots": []
        },
        {
          "title": "Visit Take the ethics exam link from homepage",
          "start": "2023-10-28T07:05:09.996Z",
          "end": "2023-10-28T07:05:11.279Z",
          "duration": 1283,
          "state": "passed",
          "screenshots": []
        },
        {
          "title": "Visit Make a donation link from homepage",
          "start": "2023-10-28T07:05:11.280Z",
          "end": "2023-10-28T07:05:12.679Z",
          "duration": 1399,
          "state": "passed",
          "screenshots": []
        },
        {
          "title": "Visit Find a CPA link from homepage",
          "start": "2023-10-28T07:05:12.679Z",
          "end": "2023-10-28T07:05:15.663Z",
          "duration": 2984,
          "state": "passed",
          "screenshots": []
        }
      ],
      "hooks": []
    }
  ],
  "specs": [
    "C:\\Users\\hi\\Desktop\\calcpa-test-automation\\tests\\website-tests-mobile2.js"
  ],
  "state": {
    "passed": 7,
    "failed": 0,
    "skipped": 0
  }
}