{
  "start": "2024-03-21T07:18:35.587Z",
  "end": "2024-03-21T07:18:35.686Z",
  "capabilities": {
    "acceptInsecureCerts": true,
    "browserName": "chrome",
    "browserVersion": "122.0.6261.129",
    "chrome": {
      "chromedriverVersion": "121.0.6167.85 (3f98d690ad7e59242ef110144c757b2ac4eef1a2-refs/branch-heads/6167@{#1539})",
      "userDataDir": "C:\\Users\\hi\\AppData\\Local\\Temp\\scoped_dir20856_562051999"
    },
    "fedcm:accounts": true,
    "goog:chromeOptions": {
      "debuggerAddress": "localhost:52052"
    },
    "networkConnectionEnabled": false,
    "pageLoadStrategy": "normal",
    "platformName": "windows",
    "proxy": {},
    "setWindowRect": true,
    "strictFileInteractability": false,
    "timeouts": {
      "implicit": 0,
      "pageLoad": 300000,
      "script": 30000
    },
    "unhandledPromptBehavior": "dismiss and notify",
    "webauthn:extension:credBlob": true,
    "webauthn:extension:largeBlob": true,
    "webauthn:extension:minPinLength": true,
    "webauthn:extension:prf": true,
    "webauthn:virtualAuthenticators": true,
    "sessionId": "cb3f98727bb45136785e8991d5308883"
  },
  "host": "localhost",
  "port": 9515,
  "framework": "mocha",
  "duration": 99,
  "suites": [
    {
      "title": "Sanity Checks",
      "duration": 2,
      "start": "2024-03-21T07:18:35.601Z",
      "end": "2024-03-21T07:18:35.603Z",
      "tests": [
        {
          "title": "Pay Invoice New Page",
          "start": "2024-03-21T07:18:35.602Z",
          "duration": 0,
          "state": "skipped"
        }
      ],
      "hooks": []
    }
  ],
  "specs": [
    "C:\\Users\\hi\\Desktop\\calcpa-test-automation\\tests\\website-tests.js"
  ],
  "state": {
    "passed": 0,
    "failed": 0,
    "skipped": 1
  }
}