{
  "start": "2024-03-26T23:03:47.248Z",
  "end": "2024-03-26T23:03:47.306Z",
  "capabilities": {
    "acceptInsecureCerts": true,
    "browserName": "chrome",
    "browserVersion": "123.0.6312.59",
    "chrome": {
      "chromedriverVersion": "123.0.6312.58 (6b4b19e9dfbb93aa414dc045bd445287977d8d7a-refs/branch-heads/6312_46@{#3})",
      "userDataDir": "C:\\Users\\hi\\AppData\\Local\\Temp\\scoped_dir2384_1762894809"
    },
    "fedcm:accounts": true,
    "goog:chromeOptions": {
      "debuggerAddress": "localhost:59293"
    },
    "networkConnectionEnabled": false,
    "pageLoadStrategy": "normal",
    "platformName": "windows",
    "proxy": {},
    "setWindowRect": true,
    "strictFileInteractability": false,
    "timeouts": {
      "implicit": 0,
      "pageLoad": 300000,
      "script": 30000
    },
    "unhandledPromptBehavior": "dismiss and notify",
    "webauthn:extension:credBlob": true,
    "webauthn:extension:largeBlob": true,
    "webauthn:extension:minPinLength": true,
    "webauthn:extension:prf": true,
    "webauthn:virtualAuthenticators": true,
    "sessionId": "3e49f844698d1bc80c31c178e89ed82e"
  },
  "host": "localhost",
  "port": 9515,
  "framework": "mocha",
  "duration": 58,
  "suites": [
    {
      "title": "Sanity Checks",
      "duration": 1,
      "start": "2024-03-26T23:03:47.252Z",
      "end": "2024-03-26T23:03:47.253Z",
      "tests": [
        {
          "title": "Pay Invoice New Page",
          "start": "2024-03-26T23:03:47.253Z",
          "duration": 0,
          "state": "skipped"
        }
      ],
      "hooks": []
    }
  ],
  "specs": [
    "C:\\Users\\hi\\Desktop\\calcpa-test-automation\\tests\\website-tests.js"
  ],
  "state": {
    "passed": 0,
    "failed": 0,
    "skipped": 1
  }
}