{
  "start": "2023-08-03T23:06:22.970Z",
  "end": "2023-08-03T23:13:00.704Z",
  "capabilities": {
    "acceptInsecureCerts": true,
    "browserName": "chrome",
    "browserVersion": "115.0.5790.102",
    "chrome": {
      "chromedriverVersion": "114.0.5735.90 (386bc09e8f4f2e025eddae123f36f6263096ae49-refs/branch-heads/5735@{#1052})",
      "userDataDir": "C:\\Users\\hi\\AppData\\Local\\Temp\\scoped_dir17636_2132018387"
    },
    "goog:chromeOptions": {
      "debuggerAddress": "localhost:61393"
    },
    "networkConnectionEnabled": false,
    "pageLoadStrategy": "normal",
    "platformName": "windows",
    "proxy": {},
    "setWindowRect": true,
    "strictFileInteractability": false,
    "timeouts": {
      "implicit": 0,
      "pageLoad": 300000,
      "script": 30000
    },
    "unhandledPromptBehavior": "dismiss and notify",
    "webauthn:extension:credBlob": true,
    "webauthn:extension:largeBlob": true,
    "webauthn:extension:minPinLength": true,
    "webauthn:extension:prf": true,
    "webauthn:virtualAuthenticators": true,
    "sessionId": "f277a298246a5f2c944c1eb62c9c1f7a"
  },
  "host": "localhost",
  "port": 9515,
  "framework": "mocha",
  "duration": 397734,
  "suites": [
    {
      "title": "Sanity Checks",
      "duration": 397611,
      "start": "2023-08-03T23:06:22.975Z",
      "end": "2023-08-03T23:13:00.586Z",
      "tests": [
        {
          "title": "Set Up New User and Log In",
          "start": "2023-08-03T23:06:22.976Z",
          "end": "2023-08-03T23:06:53.987Z",
          "duration": 31011,
          "state": "passed",
          "screenshots": [
            "C:\\Users\\hi\\Desktop\\calcpa-test-automation\\calcpa-test-automation.github.io\\file-1691104013975.jpeg"
          ]
        },
        {
          "title": "Adds Webinars to Cart from Event Detail Page",
          "start": "2023-08-03T23:06:53.990Z",
          "end": "2023-08-03T23:07:28.492Z",
          "duration": 34502,
          "state": "passed",
          "screenshots": [
            "C:\\Users\\hi\\Desktop\\calcpa-test-automation\\calcpa-test-automation.github.io\\file-1691104048485.jpeg"
          ]
        },
        {
          "title": "Adds On-Demand to Cart from Event Detail Page",
          "start": "2023-08-03T23:07:28.492Z",
          "end": "2023-08-03T23:08:05.132Z",
          "duration": 36640,
          "state": "passed",
          "screenshots": [
            "C:\\Users\\hi\\Desktop\\calcpa-test-automation\\calcpa-test-automation.github.io\\file-1691104085128.jpeg"
          ]
        },
        {
          "title": "Adds Conferences to Cart from Event Detail Page",
          "start": "2023-08-03T23:08:05.133Z",
          "end": "2023-08-03T23:08:37.426Z",
          "duration": 32293,
          "state": "passed",
          "screenshots": [
            "C:\\Users\\hi\\Desktop\\calcpa-test-automation\\calcpa-test-automation.github.io\\file-1691104117415.jpeg"
          ]
        },
        {
          "title": "Adds Chapter Events to Cart from Event Detail Page",
          "start": "2023-08-03T23:08:37.427Z",
          "end": "2023-08-03T23:09:09.962Z",
          "duration": 32535,
          "state": "passed",
          "screenshots": [
            "C:\\Users\\hi\\Desktop\\calcpa-test-automation\\calcpa-test-automation.github.io\\file-1691104149958.jpeg"
          ]
        },
        {
          "title": "Joins from Front-End (Candidate)",
          "start": "2023-08-03T23:09:09.962Z",
          "end": "2023-08-03T23:10:50.474Z",
          "duration": 100512,
          "state": "passed",
          "screenshots": [
            "C:\\Users\\hi\\Desktop\\calcpa-test-automation\\calcpa-test-automation.github.io\\file-1691104250470.jpeg"
          ]
        },
        {
          "title": "Joins from Front-End (Executive)",
          "start": "2023-08-03T23:10:50.474Z",
          "end": "2023-08-03T23:13:00.583Z",
          "duration": 130109,
          "state": "passed",
          "screenshots": [
            "C:\\Users\\hi\\Desktop\\calcpa-test-automation\\calcpa-test-automation.github.io\\file-1691104380576.jpeg"
          ]
        }
      ],
      "hooks": []
    }
  ],
  "specs": [
    "C:\\Users\\hi\\Desktop\\calcpa-test-automation\\tests\\join-tests.js"
  ],
  "state": {
    "passed": 7,
    "failed": 0,
    "skipped": 0
  }
}