{
  "start": "2024-01-24T16:00:43.106Z",
  "end": "2024-01-24T16:19:01.847Z",
  "capabilities": {
    "acceptInsecureCerts": true,
    "browserName": "chrome",
    "browserVersion": "120.0.6099.225",
    "chrome": {
      "chromedriverVersion": "119.0.6045.105 (38c72552c5e15ba9b3117c0967a0fd105072d7c6-refs/branch-heads/6045@{#1103})",
      "userDataDir": "C:\\Users\\hi\\AppData\\Local\\Temp\\scoped_dir20872_1482210679"
    },
    "fedcm:accounts": true,
    "goog:chromeOptions": {
      "debuggerAddress": "localhost:61028"
    },
    "networkConnectionEnabled": false,
    "pageLoadStrategy": "normal",
    "platformName": "windows",
    "proxy": {},
    "setWindowRect": true,
    "strictFileInteractability": false,
    "timeouts": {
      "implicit": 0,
      "pageLoad": 300000,
      "script": 30000
    },
    "unhandledPromptBehavior": "dismiss and notify",
    "webauthn:extension:credBlob": true,
    "webauthn:extension:largeBlob": true,
    "webauthn:extension:minPinLength": true,
    "webauthn:extension:prf": true,
    "webauthn:virtualAuthenticators": true,
    "sessionId": "e0f753a1340f483b6036dfe8aa8601bc"
  },
  "host": "localhost",
  "port": 9515,
  "framework": "mocha",
  "duration": 1098741,
  "suites": [
    {
      "title": "Sanity Checks",
      "duration": 1098587,
      "start": "2024-01-24T16:00:43.127Z",
      "end": "2024-01-24T16:19:01.714Z",
      "tests": [
        {
          "title": "Adds Webinars to Cart from Event Detail Page, Then Logs In",
          "start": "2024-01-24T16:00:43.129Z",
          "duration": 0,
          "state": "pending",
          "screenshots": [
            "C:\\Users\\hi\\Desktop\\calcpa-test-automation\\calcpa-test-automation.github.io\\file-1706112134895.jpeg"
          ]
        },
        {
          "title": "Adds Webinars to Cart from Event Detail Page, Then Logs In",
          "start": "2024-01-24T16:02:14.897Z",
          "duration": 0,
          "state": "pending",
          "screenshots": [
            "C:\\Users\\hi\\Desktop\\calcpa-test-automation\\calcpa-test-automation.github.io\\file-1706112188683.jpeg"
          ]
        },
        {
          "title": "Adds Webinars to Cart from Event Detail Page, Then Logs In",
          "start": "2024-01-24T16:03:08.685Z",
          "duration": 0,
          "state": "pending",
          "screenshots": [
            "C:\\Users\\hi\\Desktop\\calcpa-test-automation\\calcpa-test-automation.github.io\\file-1706112255951.jpeg"
          ]
        },
        {
          "title": "Adds Webinars to Cart from Event Detail Page, Then Logs In",
          "start": "2024-01-24T16:04:15.953Z",
          "end": "2024-01-24T16:05:32.381Z",
          "duration": 76428,
          "state": "failed",
          "screenshots": [
            "C:\\Users\\hi\\Desktop\\calcpa-test-automation\\calcpa-test-automation.github.io\\file-1706112332378.jpeg"
          ],
          "error": {
            "type": "Error",
            "message": "The element was not clickable within 30 seconds!",
            "stack": "Error: The element was not clickable within 30 seconds!\n    at C:\\Users\\hi\\Desktop\\calcpa-test-automation\\node_modules\\webdriverio\\build\\commands\\browser\\waitUntil.js:66:23\n    at async Browser.runCommandWithHooks (C:\\Users\\hi\\Desktop\\calcpa-test-automation\\node_modules\\@wdio\\sync\\build\\wrapCommand.js:105:25)\n    at Browser.runCommandWithHooks (C:\\Users\\hi\\Desktop\\calcpa-test-automation\\node_modules\\@wdio\\sync\\build\\wrapCommand.js:100:24)\n    at Browser.wrapCommandFn (C:\\Users\\hi\\Desktop\\calcpa-test-automation\\node_modules\\@wdio\\sync\\build\\wrapCommand.js:67:44)\n    at Browser.<anonymous> (C:\\Users\\hi\\Desktop\\calcpa-test-automation\\node_modules\\webdriverio\\node_modules\\@wdio\\utils\\build\\shim.js:276:24)\n    at Function.waitForElementReadinessWithTimeout (C:\\Users\\hi\\Desktop\\calcpa-test-automation\\utilities.js:39:17)\n    at Function.enterTextWithTimeout (C:\\Users\\hi\\Desktop\\calcpa-test-automation\\utilities.js:62:14)\n    at Function.signUp (C:\\Users\\hi\\Desktop\\calcpa-test-automation\\pages\\frontend\\login-page.js:90:19)\n    at Context.<anonymous> (C:\\Users\\hi\\Desktop\\calcpa-test-automation\\tests\\add-to-cart-then-log-in.js:23:61)\n    at Context.executeSync (C:\\Users\\hi\\Desktop\\calcpa-test-automation\\node_modules\\@wdio\\sync\\build\\index.js:38:22)\n    at C:\\Users\\hi\\Desktop\\calcpa-test-automation\\node_modules\\@wdio\\sync\\build\\index.js:69:73"
          }
        },
        {
          "title": "Adds On-Demand to Cart from Event Detail Page, Then Logs In",
          "start": "2024-01-24T16:05:32.382Z",
          "duration": 0,
          "state": "pending",
          "screenshots": [
            "C:\\Users\\hi\\Desktop\\calcpa-test-automation\\calcpa-test-automation.github.io\\file-1706112398279.jpeg"
          ]
        },
        {
          "title": "Adds On-Demand to Cart from Event Detail Page, Then Logs In",
          "start": "2024-01-24T16:06:38.289Z",
          "duration": 0,
          "state": "pending",
          "screenshots": [
            "C:\\Users\\hi\\Desktop\\calcpa-test-automation\\calcpa-test-automation.github.io\\file-1706112463811.jpeg"
          ]
        },
        {
          "title": "Adds On-Demand to Cart from Event Detail Page, Then Logs In",
          "start": "2024-01-24T16:07:43.813Z",
          "duration": 0,
          "state": "pending",
          "screenshots": [
            "C:\\Users\\hi\\Desktop\\calcpa-test-automation\\calcpa-test-automation.github.io\\file-1706112532645.jpeg"
          ]
        },
        {
          "title": "Adds On-Demand to Cart from Event Detail Page, Then Logs In",
          "start": "2024-01-24T16:08:52.648Z",
          "end": "2024-01-24T16:10:01.426Z",
          "duration": 68778,
          "state": "failed",
          "screenshots": [
            "C:\\Users\\hi\\Desktop\\calcpa-test-automation\\calcpa-test-automation.github.io\\file-1706112601422.jpeg"
          ],
          "error": {
            "type": "Error",
            "message": "The element was not clickable within 30 seconds!",
            "stack": "Error: The element was not clickable within 30 seconds!\n    at C:\\Users\\hi\\Desktop\\calcpa-test-automation\\node_modules\\webdriverio\\build\\commands\\browser\\waitUntil.js:66:23\n    at async Browser.runCommandWithHooks (C:\\Users\\hi\\Desktop\\calcpa-test-automation\\node_modules\\@wdio\\sync\\build\\wrapCommand.js:105:25)\n    at Browser.runCommandWithHooks (C:\\Users\\hi\\Desktop\\calcpa-test-automation\\node_modules\\@wdio\\sync\\build\\wrapCommand.js:100:24)\n    at Browser.wrapCommandFn (C:\\Users\\hi\\Desktop\\calcpa-test-automation\\node_modules\\@wdio\\sync\\build\\wrapCommand.js:67:44)\n    at Browser.<anonymous> (C:\\Users\\hi\\Desktop\\calcpa-test-automation\\node_modules\\webdriverio\\node_modules\\@wdio\\utils\\build\\shim.js:276:24)\n    at Function.waitForElementReadinessWithTimeout (C:\\Users\\hi\\Desktop\\calcpa-test-automation\\utilities.js:39:17)\n    at Function.enterTextWithTimeout (C:\\Users\\hi\\Desktop\\calcpa-test-automation\\utilities.js:62:14)\n    at Function.signUp (C:\\Users\\hi\\Desktop\\calcpa-test-automation\\pages\\frontend\\login-page.js:90:19)\n    at Context.<anonymous> (C:\\Users\\hi\\Desktop\\calcpa-test-automation\\tests\\add-to-cart-then-log-in.js:23:61)\n    at Context.executeSync (C:\\Users\\hi\\Desktop\\calcpa-test-automation\\node_modules\\@wdio\\sync\\build\\index.js:38:22)\n    at C:\\Users\\hi\\Desktop\\calcpa-test-automation\\node_modules\\@wdio\\sync\\build\\index.js:69:73"
          }
        },
        {
          "title": "Adds Conferences to Cart from Event Detail Page, Then Logs In",
          "start": "2024-01-24T16:10:01.428Z",
          "duration": 0,
          "state": "pending",
          "screenshots": [
            "C:\\Users\\hi\\Desktop\\calcpa-test-automation\\calcpa-test-automation.github.io\\file-1706112672811.jpeg"
          ]
        },
        {
          "title": "Adds Conferences to Cart from Event Detail Page, Then Logs In",
          "start": "2024-01-24T16:11:12.815Z",
          "duration": 0,
          "state": "pending",
          "screenshots": [
            "C:\\Users\\hi\\Desktop\\calcpa-test-automation\\calcpa-test-automation.github.io\\file-1706112740970.jpeg"
          ]
        },
        {
          "title": "Adds Conferences to Cart from Event Detail Page, Then Logs In",
          "start": "2024-01-24T16:12:20.973Z",
          "duration": 0,
          "state": "pending",
          "screenshots": [
            "C:\\Users\\hi\\Desktop\\calcpa-test-automation\\calcpa-test-automation.github.io\\file-1706112809303.jpeg"
          ]
        },
        {
          "title": "Adds Conferences to Cart from Event Detail Page, Then Logs In",
          "start": "2024-01-24T16:13:29.305Z",
          "end": "2024-01-24T16:14:36.685Z",
          "duration": 67380,
          "state": "failed",
          "screenshots": [
            "C:\\Users\\hi\\Desktop\\calcpa-test-automation\\calcpa-test-automation.github.io\\file-1706112876680.jpeg"
          ],
          "error": {
            "type": "Error",
            "message": "The element was not clickable within 30 seconds!",
            "stack": "Error: The element was not clickable within 30 seconds!\n    at C:\\Users\\hi\\Desktop\\calcpa-test-automation\\node_modules\\webdriverio\\build\\commands\\browser\\waitUntil.js:66:23\n    at async Browser.runCommandWithHooks (C:\\Users\\hi\\Desktop\\calcpa-test-automation\\node_modules\\@wdio\\sync\\build\\wrapCommand.js:105:25)\n    at Browser.runCommandWithHooks (C:\\Users\\hi\\Desktop\\calcpa-test-automation\\node_modules\\@wdio\\sync\\build\\wrapCommand.js:100:24)\n    at Browser.wrapCommandFn (C:\\Users\\hi\\Desktop\\calcpa-test-automation\\node_modules\\@wdio\\sync\\build\\wrapCommand.js:67:44)\n    at Browser.<anonymous> (C:\\Users\\hi\\Desktop\\calcpa-test-automation\\node_modules\\webdriverio\\node_modules\\@wdio\\utils\\build\\shim.js:276:24)\n    at Function.waitForElementReadinessWithTimeout (C:\\Users\\hi\\Desktop\\calcpa-test-automation\\utilities.js:39:17)\n    at Function.enterTextWithTimeout (C:\\Users\\hi\\Desktop\\calcpa-test-automation\\utilities.js:62:14)\n    at Function.signUp (C:\\Users\\hi\\Desktop\\calcpa-test-automation\\pages\\frontend\\login-page.js:90:19)\n    at Context.<anonymous> (C:\\Users\\hi\\Desktop\\calcpa-test-automation\\tests\\add-to-cart-then-log-in.js:23:61)\n    at Context.executeSync (C:\\Users\\hi\\Desktop\\calcpa-test-automation\\node_modules\\@wdio\\sync\\build\\index.js:38:22)\n    at C:\\Users\\hi\\Desktop\\calcpa-test-automation\\node_modules\\@wdio\\sync\\build\\index.js:69:73"
          }
        },
        {
          "title": "Adds Chapter Events to Cart from Event Detail Page, Then Logs In",
          "start": "2024-01-24T16:14:36.687Z",
          "duration": 0,
          "state": "pending",
          "screenshots": [
            "C:\\Users\\hi\\Desktop\\calcpa-test-automation\\calcpa-test-automation.github.io\\file-1706112934250.jpeg"
          ]
        },
        {
          "title": "Adds Chapter Events to Cart from Event Detail Page, Then Logs In",
          "start": "2024-01-24T16:15:34.255Z",
          "duration": 0,
          "state": "pending",
          "screenshots": [
            "C:\\Users\\hi\\Desktop\\calcpa-test-automation\\calcpa-test-automation.github.io\\file-1706113001234.jpeg"
          ]
        },
        {
          "title": "Adds Chapter Events to Cart from Event Detail Page, Then Logs In",
          "start": "2024-01-24T16:16:41.236Z",
          "duration": 0,
          "state": "pending",
          "screenshots": [
            "C:\\Users\\hi\\Desktop\\calcpa-test-automation\\calcpa-test-automation.github.io\\file-1706113072116.jpeg"
          ]
        },
        {
          "title": "Adds Chapter Events to Cart from Event Detail Page, Then Logs In",
          "start": "2024-01-24T16:17:52.119Z",
          "end": "2024-01-24T16:19:01.710Z",
          "duration": 69591,
          "state": "failed",
          "screenshots": [
            "C:\\Users\\hi\\Desktop\\calcpa-test-automation\\calcpa-test-automation.github.io\\file-1706113141701.jpeg"
          ],
          "error": {
            "type": "Error",
            "message": "The element was not clickable within 30 seconds!",
            "stack": "Error: The element was not clickable within 30 seconds!\n    at C:\\Users\\hi\\Desktop\\calcpa-test-automation\\node_modules\\webdriverio\\build\\commands\\browser\\waitUntil.js:66:23\n    at async Browser.runCommandWithHooks (C:\\Users\\hi\\Desktop\\calcpa-test-automation\\node_modules\\@wdio\\sync\\build\\wrapCommand.js:105:25)\n    at Browser.runCommandWithHooks (C:\\Users\\hi\\Desktop\\calcpa-test-automation\\node_modules\\@wdio\\sync\\build\\wrapCommand.js:100:24)\n    at Browser.wrapCommandFn (C:\\Users\\hi\\Desktop\\calcpa-test-automation\\node_modules\\@wdio\\sync\\build\\wrapCommand.js:67:44)\n    at Browser.<anonymous> (C:\\Users\\hi\\Desktop\\calcpa-test-automation\\node_modules\\webdriverio\\node_modules\\@wdio\\utils\\build\\shim.js:276:24)\n    at Function.waitForElementReadinessWithTimeout (C:\\Users\\hi\\Desktop\\calcpa-test-automation\\utilities.js:39:17)\n    at Function.enterTextWithTimeout (C:\\Users\\hi\\Desktop\\calcpa-test-automation\\utilities.js:62:14)\n    at Function.signUp (C:\\Users\\hi\\Desktop\\calcpa-test-automation\\pages\\frontend\\login-page.js:90:19)\n    at Context.<anonymous> (C:\\Users\\hi\\Desktop\\calcpa-test-automation\\tests\\add-to-cart-then-log-in.js:23:61)\n    at Context.executeSync (C:\\Users\\hi\\Desktop\\calcpa-test-automation\\node_modules\\@wdio\\sync\\build\\index.js:38:22)\n    at C:\\Users\\hi\\Desktop\\calcpa-test-automation\\node_modules\\@wdio\\sync\\build\\index.js:69:73"
          }
        }
      ],
      "hooks": []
    }
  ],
  "specs": [
    "C:\\Users\\hi\\Desktop\\calcpa-test-automation\\tests\\add-to-cart-then-log-in.js"
  ],
  "state": {
    "passed": 0,
    "failed": 4,
    "skipped": 0
  }
}