{
  "start": "2023-09-12T07:05:52.484Z",
  "end": "2023-09-12T07:36:23.399Z",
  "capabilities": {
    "acceptInsecureCerts": true,
    "browserName": "chrome",
    "browserVersion": "115.0.5790.171",
    "chrome": {
      "chromedriverVersion": "114.0.5735.90 (386bc09e8f4f2e025eddae123f36f6263096ae49-refs/branch-heads/5735@{#1052})",
      "userDataDir": "C:\\Users\\hi\\AppData\\Local\\Temp\\scoped_dir20388_771780353"
    },
    "goog:chromeOptions": {
      "debuggerAddress": "localhost:56881"
    },
    "networkConnectionEnabled": false,
    "pageLoadStrategy": "normal",
    "platformName": "windows",
    "proxy": {},
    "setWindowRect": true,
    "strictFileInteractability": false,
    "timeouts": {
      "implicit": 0,
      "pageLoad": 300000,
      "script": 30000
    },
    "unhandledPromptBehavior": "dismiss and notify",
    "webauthn:extension:credBlob": true,
    "webauthn:extension:largeBlob": true,
    "webauthn:extension:minPinLength": true,
    "webauthn:extension:prf": true,
    "webauthn:virtualAuthenticators": true,
    "sessionId": "8585ac0158542040b10bca8a321ce57b"
  },
  "host": "localhost",
  "port": 9515,
  "framework": "mocha",
  "duration": 1830915,
  "suites": [
    {
      "title": "Sanity Checks",
      "duration": 1830840,
      "start": "2023-09-12T07:05:52.493Z",
      "end": "2023-09-12T07:36:23.333Z",
      "tests": [
        {
          "title": "Add to Cart and Check SF for Draft Registration",
          "start": "2023-09-12T07:05:52.493Z",
          "duration": 0,
          "state": "pending",
          "screenshots": [
            "C:\\Users\\hi\\Desktop\\calcpa-test-automation\\calcpa-test-automation.github.io\\file-1694502450192.jpeg"
          ]
        },
        {
          "title": "Add to Cart and Check SF for Draft Registration",
          "start": "2023-09-12T07:07:30.198Z",
          "duration": 0,
          "state": "pending",
          "screenshots": [
            "C:\\Users\\hi\\Desktop\\calcpa-test-automation\\calcpa-test-automation.github.io\\file-1694502551303.jpeg"
          ]
        },
        {
          "title": "Add to Cart and Check SF for Draft Registration",
          "start": "2023-09-12T07:09:11.313Z",
          "duration": 0,
          "state": "pending",
          "screenshots": [
            "C:\\Users\\hi\\Desktop\\calcpa-test-automation\\calcpa-test-automation.github.io\\file-1694502649175.jpeg"
          ]
        },
        {
          "title": "Add to Cart and Check SF for Draft Registration",
          "start": "2023-09-12T07:10:49.180Z",
          "end": "2023-09-12T07:12:36.957Z",
          "duration": 107777,
          "state": "passed",
          "screenshots": []
        },
        {
          "title": "ECR2 - Purchases SHARE100, Then Someone Else Uses It To Purchase Event and Confirms Back-End",
          "start": "2023-09-12T07:12:36.960Z",
          "duration": 0,
          "state": "pending",
          "screenshots": [
            "C:\\Users\\hi\\Desktop\\calcpa-test-automation\\calcpa-test-automation.github.io\\file-1694502826784.jpeg"
          ]
        },
        {
          "title": "ECR2 - Purchases SHARE100, Then Someone Else Uses It To Purchase Event and Confirms Back-End",
          "start": "2023-09-12T07:13:46.787Z",
          "duration": 0,
          "state": "pending",
          "screenshots": [
            "C:\\Users\\hi\\Desktop\\calcpa-test-automation\\calcpa-test-automation.github.io\\file-1694502938354.jpeg"
          ]
        },
        {
          "title": "ECR2 - Purchases SHARE100, Then Someone Else Uses It To Purchase Event and Confirms Back-End",
          "start": "2023-09-12T07:15:38.357Z",
          "duration": 0,
          "state": "pending",
          "screenshots": [
            "C:\\Users\\hi\\Desktop\\calcpa-test-automation\\calcpa-test-automation.github.io\\file-1694503056609.jpeg"
          ]
        },
        {
          "title": "ECR2 - Purchases SHARE100, Then Someone Else Uses It To Purchase Event and Confirms Back-End",
          "start": "2023-09-12T07:17:36.627Z",
          "duration": 0,
          "state": "pending",
          "screenshots": [
            "C:\\Users\\hi\\Desktop\\calcpa-test-automation\\calcpa-test-automation.github.io\\file-1694503179389.jpeg"
          ]
        },
        {
          "title": "ECR2 - Purchases SHARE100, Then Someone Else Uses It To Purchase Event and Confirms Back-End",
          "start": "2023-09-12T07:19:39.394Z",
          "duration": 0,
          "state": "pending",
          "screenshots": [
            "C:\\Users\\hi\\Desktop\\calcpa-test-automation\\calcpa-test-automation.github.io\\file-1694503366055.jpeg"
          ]
        },
        {
          "title": "ECR2 - Purchases SHARE100, Then Someone Else Uses It To Purchase Event and Confirms Back-End",
          "start": "2023-09-12T07:22:46.061Z",
          "duration": 0,
          "state": "pending",
          "screenshots": [
            "C:\\Users\\hi\\Desktop\\calcpa-test-automation\\calcpa-test-automation.github.io\\file-1694503483582.jpeg"
          ]
        },
        {
          "title": "ECR2 - Purchases SHARE100, Then Someone Else Uses It To Purchase Event and Confirms Back-End",
          "start": "2023-09-12T07:24:43.585Z",
          "duration": 0,
          "state": "pending",
          "screenshots": [
            "C:\\Users\\hi\\Desktop\\calcpa-test-automation\\calcpa-test-automation.github.io\\file-1694503669604.jpeg"
          ]
        },
        {
          "title": "ECR2 - Purchases SHARE100, Then Someone Else Uses It To Purchase Event and Confirms Back-End",
          "start": "2023-09-12T07:27:49.608Z",
          "duration": 0,
          "state": "pending",
          "screenshots": [
            "C:\\Users\\hi\\Desktop\\calcpa-test-automation\\calcpa-test-automation.github.io\\file-1694503775163.jpeg"
          ]
        },
        {
          "title": "ECR2 - Purchases SHARE100, Then Someone Else Uses It To Purchase Event and Confirms Back-End",
          "start": "2023-09-12T07:29:35.167Z",
          "duration": 0,
          "state": "pending",
          "screenshots": [
            "C:\\Users\\hi\\Desktop\\calcpa-test-automation\\calcpa-test-automation.github.io\\file-1694503892176.jpeg"
          ]
        },
        {
          "title": "ECR2 - Purchases SHARE100, Then Someone Else Uses It To Purchase Event and Confirms Back-End",
          "start": "2023-09-12T07:31:32.182Z",
          "duration": 0,
          "state": "pending",
          "screenshots": [
            "C:\\Users\\hi\\Desktop\\calcpa-test-automation\\calcpa-test-automation.github.io\\file-1694504078370.jpeg"
          ]
        },
        {
          "title": "ECR2 - Purchases SHARE100, Then Someone Else Uses It To Purchase Event and Confirms Back-End",
          "start": "2023-09-12T07:34:38.375Z",
          "end": "2023-09-12T07:36:23.332Z",
          "duration": 104957,
          "state": "failed",
          "screenshots": [
            "C:\\Users\\hi\\Desktop\\calcpa-test-automation\\calcpa-test-automation.github.io\\file-1694504183331.jpeg"
          ],
          "error": {
            "type": "TypeError",
            "message": "Cannot read property '1' of null",
            "stack": "TypeError: Cannot read property '1' of null\n    at Function.getCouponCode (C:\\Users\\hi\\Desktop\\calcpa-test-automation\\pages\\frontend\\login-page.js:48:70)\n    at Context.<anonymous> (C:\\Users\\hi\\Desktop\\calcpa-test-automation\\tests\\back-end-validations.js:78:40)\n    at Context.executeSync (C:\\Users\\hi\\Desktop\\calcpa-test-automation\\node_modules\\@wdio\\sync\\build\\index.js:38:22)\n    at C:\\Users\\hi\\Desktop\\calcpa-test-automation\\node_modules\\@wdio\\sync\\build\\index.js:69:73"
          }
        }
      ],
      "hooks": []
    }
  ],
  "specs": [
    "C:\\Users\\hi\\Desktop\\calcpa-test-automation\\tests\\back-end-validations.js"
  ],
  "state": {
    "passed": 1,
    "failed": 1,
    "skipped": 0
  }
}