{
  "start": "2024-03-06T08:00:42.864Z",
  "end": "2024-03-06T08:34:22.312Z",
  "capabilities": {
    "acceptInsecureCerts": true,
    "browserName": "chrome",
    "browserVersion": "122.0.6261.95",
    "chrome": {
      "chromedriverVersion": "121.0.6167.85 (3f98d690ad7e59242ef110144c757b2ac4eef1a2-refs/branch-heads/6167@{#1539})",
      "userDataDir": "C:\\Users\\hi\\AppData\\Local\\Temp\\scoped_dir17032_1590977977"
    },
    "fedcm:accounts": true,
    "goog:chromeOptions": {
      "debuggerAddress": "localhost:58792"
    },
    "networkConnectionEnabled": false,
    "pageLoadStrategy": "normal",
    "platformName": "windows",
    "proxy": {},
    "setWindowRect": true,
    "strictFileInteractability": false,
    "timeouts": {
      "implicit": 0,
      "pageLoad": 300000,
      "script": 30000
    },
    "unhandledPromptBehavior": "dismiss and notify",
    "webauthn:extension:credBlob": true,
    "webauthn:extension:largeBlob": true,
    "webauthn:extension:minPinLength": true,
    "webauthn:extension:prf": true,
    "webauthn:virtualAuthenticators": true,
    "sessionId": "23cab06f49f7849a746ebee056f9165b"
  },
  "host": "localhost",
  "port": 9515,
  "framework": "mocha",
  "duration": 2019448,
  "suites": [
    {
      "title": "Sanity Checks",
      "duration": 2019340,
      "start": "2024-03-06T08:00:42.874Z",
      "end": "2024-03-06T08:34:22.214Z",
      "tests": [
        {
          "title": "Set Up New User and Log In",
          "start": "2024-03-06T08:00:42.875Z",
          "duration": 0,
          "state": "pending",
          "screenshots": [
            "C:\\Users\\hi\\Desktop\\calcpa-test-automation\\calcpa-test-automation.github.io\\file-1709712212028.jpeg"
          ]
        },
        {
          "title": "Set Up New User and Log In",
          "start": "2024-03-06T08:03:32.037Z",
          "duration": 0,
          "state": "pending",
          "screenshots": [
            "C:\\Users\\hi\\Desktop\\calcpa-test-automation\\calcpa-test-automation.github.io\\file-1709712384597.jpeg"
          ]
        },
        {
          "title": "Set Up New User and Log In",
          "start": "2024-03-06T08:06:24.605Z",
          "end": "2024-03-06T08:08:13.825Z",
          "duration": 109220,
          "state": "passed",
          "screenshots": []
        },
        {
          "title": "Joins from Front-End (Candidate)",
          "start": "2024-03-06T08:08:13.826Z",
          "end": "2024-03-06T08:10:16.660Z",
          "duration": 122834,
          "state": "passed",
          "screenshots": []
        },
        {
          "title": "Joins from Front-End (Executive)",
          "start": "2024-03-06T08:10:16.661Z",
          "duration": 0,
          "state": "pending",
          "screenshots": [
            "C:\\Users\\hi\\Desktop\\calcpa-test-automation\\calcpa-test-automation.github.io\\file-1709712750519.jpeg"
          ]
        },
        {
          "title": "Joins from Front-End (Executive)",
          "start": "2024-03-06T08:12:30.529Z",
          "duration": 0,
          "state": "pending",
          "screenshots": [
            "C:\\Users\\hi\\Desktop\\calcpa-test-automation\\calcpa-test-automation.github.io\\file-1709713014052.jpeg"
          ]
        },
        {
          "title": "Joins from Front-End (Executive)",
          "start": "2024-03-06T08:16:54.059Z",
          "duration": 0,
          "state": "pending",
          "screenshots": [
            "C:\\Users\\hi\\Desktop\\calcpa-test-automation\\calcpa-test-automation.github.io\\file-1709713273691.jpeg"
          ]
        },
        {
          "title": "Joins from Front-End (Executive)",
          "start": "2024-03-06T08:21:13.696Z",
          "duration": 0,
          "state": "pending",
          "screenshots": [
            "C:\\Users\\hi\\Desktop\\calcpa-test-automation\\calcpa-test-automation.github.io\\file-1709713537120.jpeg"
          ]
        },
        {
          "title": "Joins from Front-End (Executive)",
          "start": "2024-03-06T08:25:37.127Z",
          "duration": 0,
          "state": "pending",
          "screenshots": [
            "C:\\Users\\hi\\Desktop\\calcpa-test-automation\\calcpa-test-automation.github.io\\file-1709713799218.jpeg"
          ]
        },
        {
          "title": "Joins from Front-End (Executive)",
          "start": "2024-03-06T08:29:59.226Z",
          "end": "2024-03-06T08:34:22.210Z",
          "duration": 262984,
          "state": "failed",
          "screenshots": [
            "C:\\Users\\hi\\Desktop\\calcpa-test-automation\\calcpa-test-automation.github.io\\file-1709714062205.jpeg"
          ],
          "error": {
            "type": "Error",
            "message": "The text 'Your Order is Complete' was not displayed on the page 'https://calcpa--full.sandbox.my.site.com/CalCPA/s/checkout' within 180 seconds!",
            "stack": "Error: The text 'Your Order is Complete' was not displayed on the page 'https://calcpa--full.sandbox.my.site.com/CalCPA/s/checkout' within 180 seconds!\n    at C:\\Users\\hi\\Desktop\\calcpa-test-automation\\node_modules\\webdriverio\\build\\commands\\browser\\waitUntil.js:66:23\n    at async Browser.runCommandWithHooks (C:\\Users\\hi\\Desktop\\calcpa-test-automation\\node_modules\\@wdio\\sync\\build\\wrapCommand.js:105:25)\n    at Browser.runCommandWithHooks (C:\\Users\\hi\\Desktop\\calcpa-test-automation\\node_modules\\@wdio\\sync\\build\\wrapCommand.js:100:24)\n    at Browser.wrapCommandFn (C:\\Users\\hi\\Desktop\\calcpa-test-automation\\node_modules\\@wdio\\sync\\build\\wrapCommand.js:67:44)\n    at Browser.<anonymous> (C:\\Users\\hi\\Desktop\\calcpa-test-automation\\node_modules\\webdriverio\\node_modules\\@wdio\\utils\\build\\shim.js:276:24)\n    at Function.waitForTextToBeDisplayedWithTimeout (C:\\Users\\hi\\Desktop\\calcpa-test-automation\\utilities.js:122:17)\n    at Function.joinAsExecutive (C:\\Users\\hi\\Desktop\\calcpa-test-automation\\pages\\frontend\\join-page.js:111:15)\n    at Context.<anonymous> (C:\\Users\\hi\\Desktop\\calcpa-test-automation\\tests\\join-tests.js:44:26)\n    at Context.executeSync (C:\\Users\\hi\\Desktop\\calcpa-test-automation\\node_modules\\@wdio\\sync\\build\\index.js:38:22)\n    at C:\\Users\\hi\\Desktop\\calcpa-test-automation\\node_modules\\@wdio\\sync\\build\\index.js:69:73"
          }
        },
        {
          "title": "Joins from Front-End (Retired)",
          "start": "2024-03-06T08:34:22.213Z",
          "duration": 0,
          "state": "skipped"
        },
        {
          "title": " from Front-End (Temporarily Out of Work)",
          "start": "2024-03-06T08:34:22.213Z",
          "duration": 0,
          "state": "skipped"
        },
        {
          "title": "Joins from Front-End (Financial Professional)",
          "start": "2024-03-06T08:34:22.213Z",
          "duration": 0,
          "state": "skipped"
        },
        {
          "title": "Joins from Front-End (Candidate)",
          "start": "2024-03-06T08:34:22.213Z",
          "duration": 0,
          "state": "skipped"
        },
        {
          "title": "Joins from Front-End (Student)",
          "start": "2024-03-06T08:34:22.213Z",
          "duration": 0,
          "state": "skipped"
        },
        {
          "title": "Joins from Front-End (Executive)",
          "start": "2024-03-06T08:34:22.213Z",
          "duration": 0,
          "state": "skipped"
        },
        {
          "title": "Joins from Front-End (Business Professional)",
          "start": "2024-03-06T08:34:22.213Z",
          "duration": 0,
          "state": "skipped"
        },
        {
          "title": "Joins from Front-End (Professional < 5)",
          "start": "2024-03-06T08:34:22.213Z",
          "duration": 0,
          "state": "skipped"
        },
        {
          "title": "Joins from Front-End (Professional + 5)",
          "start": "2024-03-06T08:34:22.213Z",
          "duration": 0,
          "state": "skipped"
        }
      ],
      "hooks": []
    }
  ],
  "specs": [
    "C:\\Users\\hi\\Desktop\\calcpa-test-automation\\tests\\join-tests.js"
  ],
  "state": {
    "passed": 2,
    "failed": 1,
    "skipped": 9
  }
}