{
  "start": "2024-03-05T08:17:12.201Z",
  "end": "2024-03-05T08:17:13.999Z",
  "capabilities": {
    "acceptInsecureCerts": true,
    "browserName": "chrome",
    "browserVersion": "122.0.6261.95",
    "chrome": {
      "chromedriverVersion": "121.0.6167.85 (3f98d690ad7e59242ef110144c757b2ac4eef1a2-refs/branch-heads/6167@{#1539})",
      "userDataDir": "C:\\Users\\hi\\AppData\\Local\\Temp\\scoped_dir3076_19567963"
    },
    "fedcm:accounts": true,
    "goog:chromeOptions": {
      "debuggerAddress": "localhost:55344"
    },
    "networkConnectionEnabled": false,
    "pageLoadStrategy": "normal",
    "platformName": "windows",
    "proxy": {},
    "setWindowRect": true,
    "strictFileInteractability": false,
    "timeouts": {
      "implicit": 0,
      "pageLoad": 300000,
      "script": 30000
    },
    "unhandledPromptBehavior": "dismiss and notify",
    "webauthn:extension:credBlob": true,
    "webauthn:extension:largeBlob": true,
    "webauthn:extension:minPinLength": true,
    "webauthn:extension:prf": true,
    "webauthn:virtualAuthenticators": true,
    "sessionId": "8354821ca3b7589601c64888d6ce81a7"
  },
  "host": "localhost",
  "port": 9515,
  "framework": "mocha",
  "duration": 1798,
  "suites": [
    {
      "title": "Sanity Checks",
      "duration": 1733,
      "start": "2024-03-05T08:17:12.206Z",
      "end": "2024-03-05T08:17:13.939Z",
      "tests": [
        {
          "title": "Visit Site",
          "start": "2024-03-05T08:17:12.206Z",
          "end": "2024-03-05T08:17:13.939Z",
          "duration": 1733,
          "state": "passed",
          "screenshots": []
        }
      ],
      "hooks": []
    }
  ],
  "specs": [
    "C:\\Users\\hi\\Desktop\\calcpa-test-automation\\tests\\website-tests.js"
  ],
  "state": {
    "passed": 1,
    "failed": 0,
    "skipped": 0
  }
}