{
  "start": "2023-09-25T07:14:45.024Z",
  "end": "2023-09-25T07:14:59.335Z",
  "capabilities": {
    "acceptInsecureCerts": true,
    "browserName": "chrome",
    "browserVersion": "116.0.5845.188",
    "chrome": {
      "chromedriverVersion": "115.0.5790.170 (cc0d30c2ca5577520c8646671513241faa0bc105-refs/branch-heads/5790@{#1923})",
      "userDataDir": "C:\\Users\\hi\\AppData\\Local\\Temp\\scoped_dir22832_2021125862"
    },
    "goog:chromeOptions": {
      "debuggerAddress": "localhost:51220"
    },
    "networkConnectionEnabled": false,
    "pageLoadStrategy": "normal",
    "platformName": "windows",
    "proxy": {},
    "setWindowRect": true,
    "strictFileInteractability": false,
    "timeouts": {
      "implicit": 0,
      "pageLoad": 300000,
      "script": 30000
    },
    "unhandledPromptBehavior": "dismiss and notify",
    "webauthn:extension:credBlob": true,
    "webauthn:extension:largeBlob": true,
    "webauthn:extension:minPinLength": true,
    "webauthn:extension:prf": true,
    "webauthn:virtualAuthenticators": true,
    "sessionId": "710e41f91be8cf8ca1906cefd44e8bc0"
  },
  "host": "localhost",
  "port": 9515,
  "framework": "mocha",
  "duration": 14311,
  "suites": [
    {
      "title": "Sanity Checks",
      "duration": 14206,
      "start": "2023-09-25T07:14:45.030Z",
      "end": "2023-09-25T07:14:59.236Z",
      "tests": [
        {
          "title": "Visit Find CPE courses link from homepage",
          "start": "2023-09-25T07:14:45.030Z",
          "end": "2023-09-25T07:14:48.724Z",
          "duration": 3694,
          "state": "passed",
          "screenshots": []
        },
        {
          "title": "Visit Explore membership link from homepage",
          "start": "2023-09-25T07:14:48.725Z",
          "end": "2023-09-25T07:14:50.059Z",
          "duration": 1334,
          "state": "passed",
          "screenshots": []
        },
        {
          "title": "Visit Pay my bill link from homepage",
          "start": "2023-09-25T07:14:50.060Z",
          "end": "2023-09-25T07:14:53.424Z",
          "duration": 3364,
          "state": "passed",
          "screenshots": []
        },
        {
          "title": "Visit Become a CPA link from homepage",
          "start": "2023-09-25T07:14:53.424Z",
          "end": "2023-09-25T07:14:54.786Z",
          "duration": 1362,
          "state": "passed",
          "screenshots": []
        },
        {
          "title": "Visit Take the ethics exam link from homepage",
          "start": "2023-09-25T07:14:54.786Z",
          "end": "2023-09-25T07:14:55.909Z",
          "duration": 1123,
          "state": "passed",
          "screenshots": []
        },
        {
          "title": "Visit Make a donation link from homepage",
          "start": "2023-09-25T07:14:55.909Z",
          "end": "2023-09-25T07:14:57.250Z",
          "duration": 1341,
          "state": "passed",
          "screenshots": []
        },
        {
          "title": "Visit Find a CPA link from homepage",
          "start": "2023-09-25T07:14:57.250Z",
          "end": "2023-09-25T07:14:59.235Z",
          "duration": 1985,
          "state": "passed",
          "screenshots": []
        }
      ],
      "hooks": []
    }
  ],
  "specs": [
    "C:\\Users\\hi\\Desktop\\calcpa-test-automation\\tests\\website-tests-mobile2.js"
  ],
  "state": {
    "passed": 7,
    "failed": 0,
    "skipped": 0
  }
}