{
  "start": "2024-03-13T19:10:11.810Z",
  "end": "2024-03-13T19:14:42.054Z",
  "capabilities": {
    "acceptInsecureCerts": true,
    "browserName": "chrome",
    "browserVersion": "122.0.6261.112",
    "chrome": {
      "chromedriverVersion": "121.0.6167.85 (3f98d690ad7e59242ef110144c757b2ac4eef1a2-refs/branch-heads/6167@{#1539})",
      "userDataDir": "C:\\Users\\hi\\AppData\\Local\\Temp\\scoped_dir12320_1550461288"
    },
    "fedcm:accounts": true,
    "goog:chromeOptions": {
      "debuggerAddress": "localhost:56077"
    },
    "networkConnectionEnabled": false,
    "pageLoadStrategy": "normal",
    "platformName": "windows",
    "proxy": {},
    "setWindowRect": true,
    "strictFileInteractability": false,
    "timeouts": {
      "implicit": 0,
      "pageLoad": 300000,
      "script": 30000
    },
    "unhandledPromptBehavior": "dismiss and notify",
    "webauthn:extension:credBlob": true,
    "webauthn:extension:largeBlob": true,
    "webauthn:extension:minPinLength": true,
    "webauthn:extension:prf": true,
    "webauthn:virtualAuthenticators": true,
    "sessionId": "e6596497404d5b8c41f988f9500813ce"
  },
  "host": "localhost",
  "port": 9515,
  "framework": "mocha",
  "duration": 270244,
  "suites": [
    {
      "title": "Sanity Checks",
      "duration": 270145,
      "start": "2024-03-13T19:10:11.814Z",
      "end": "2024-03-13T19:14:41.959Z",
      "tests": [
        {
          "title": "Visit Current CPAs link from top nav bar",
          "start": "2024-03-13T19:10:11.814Z",
          "end": "2024-03-13T19:10:15.377Z",
          "duration": 3563,
          "state": "passed",
          "screenshots": []
        },
        {
          "title": "Visit Former CPAs link from top nav bar",
          "start": "2024-03-13T19:10:15.379Z",
          "end": "2024-03-13T19:10:18.229Z",
          "duration": 2850,
          "state": "passed",
          "screenshots": []
        },
        {
          "title": "Visit Retired CPAs link from top nav bar",
          "start": "2024-03-13T19:10:18.229Z",
          "end": "2024-03-13T19:10:20.699Z",
          "duration": 2470,
          "state": "passed",
          "screenshots": []
        },
        {
          "title": "Visit Temp out of Work CPAs link from top nav bar",
          "start": "2024-03-13T19:10:20.699Z",
          "end": "2024-03-13T19:10:23.607Z",
          "duration": 2908,
          "state": "passed",
          "screenshots": []
        },
        {
          "title": "Visit Accounting Educators link from top nav bar",
          "start": "2024-03-13T19:10:23.607Z",
          "end": "2024-03-13T19:10:26.585Z",
          "duration": 2978,
          "state": "passed",
          "screenshots": []
        },
        {
          "title": "Visit Professionals link from top nav bar",
          "start": "2024-03-13T19:10:26.585Z",
          "end": "2024-03-13T19:10:29.313Z",
          "duration": 2728,
          "state": "passed",
          "screenshots": []
        },
        {
          "title": "Visit CPA Candidates link from top nav bar",
          "start": "2024-03-13T19:10:29.313Z",
          "end": "2024-03-13T19:10:32.011Z",
          "duration": 2698,
          "state": "passed",
          "screenshots": []
        },
        {
          "title": "Visit College Students link from top nav bar",
          "start": "2024-03-13T19:10:32.012Z",
          "end": "2024-03-13T19:10:34.784Z",
          "duration": 2772,
          "state": "passed",
          "screenshots": []
        },
        {
          "title": "Visit Group Memberships link from top nav bar",
          "start": "2024-03-13T19:10:34.784Z",
          "end": "2024-03-13T19:10:37.527Z",
          "duration": 2743,
          "state": "passed",
          "screenshots": []
        },
        {
          "title": "Visit Chapters link from top nav bar",
          "start": "2024-03-13T19:10:37.528Z",
          "end": "2024-03-13T19:10:40.231Z",
          "duration": 2703,
          "state": "passed",
          "screenshots": []
        },
        {
          "title": "Visit Get involved link from top nav bar",
          "start": "2024-03-13T19:10:40.231Z",
          "end": "2024-03-13T19:10:42.985Z",
          "duration": 2754,
          "state": "passed",
          "screenshots": []
        },
        {
          "title": "Visit Scholarships link from top nav bar",
          "start": "2024-03-13T19:10:42.985Z",
          "end": "2024-03-13T19:10:45.780Z",
          "duration": 2795,
          "state": "passed",
          "screenshots": []
        },
        {
          "title": "Visit Donate link from top nav bar",
          "start": "2024-03-13T19:10:45.780Z",
          "end": "2024-03-13T19:10:48.452Z",
          "duration": 2672,
          "state": "passed",
          "screenshots": []
        },
        {
          "title": "Visit Search our catalog link from top nav bar",
          "start": "2024-03-13T19:10:48.453Z",
          "end": "2024-03-13T19:10:52.720Z",
          "duration": 4267,
          "state": "passed",
          "screenshots": []
        },
        {
          "title": "Visit Conferences link from top nav bar",
          "start": "2024-03-13T19:10:52.720Z",
          "end": "2024-03-13T19:10:57.946Z",
          "duration": 5226,
          "state": "passed",
          "screenshots": []
        },
        {
          "title": "Visit Webinars link from top nav bar",
          "start": "2024-03-13T19:10:57.946Z",
          "end": "2024-03-13T19:11:02.376Z",
          "duration": 4430,
          "state": "passed",
          "screenshots": []
        },
        {
          "title": "Visit On-demand link from top nav bar",
          "start": "2024-03-13T19:11:02.376Z",
          "end": "2024-03-13T19:11:07.823Z",
          "duration": 5447,
          "state": "passed",
          "screenshots": []
        },
        {
          "title": "Visit Events link from top nav bar",
          "start": "2024-03-13T19:11:07.823Z",
          "end": "2024-03-13T19:11:12.492Z",
          "duration": 4669,
          "state": "passed",
          "screenshots": []
        },
        {
          "title": "Visit Grassroots link from top nav bar",
          "start": "2024-03-13T19:11:12.492Z",
          "end": "2024-03-13T19:11:15.831Z",
          "duration": 3339,
          "state": "passed",
          "screenshots": []
        },
        {
          "title": "Visit Fund the Future link from top nav bar",
          "start": "2024-03-13T19:11:15.831Z",
          "end": "2024-03-13T19:11:18.720Z",
          "duration": 2889,
          "state": "passed",
          "screenshots": []
        },
        {
          "title": "Visit Support link from top nav bar",
          "start": "2024-03-13T19:11:18.720Z",
          "end": "2024-03-13T19:11:22.013Z",
          "duration": 3293,
          "state": "passed",
          "screenshots": []
        },
        {
          "title": "Visit California CPA Magazine link from top nav bar",
          "start": "2024-03-13T19:11:22.013Z",
          "duration": 0,
          "state": "pending",
          "screenshots": [
            "C:\\Users\\hi\\Desktop\\calcpa-test-automation\\calcpa-test-automation.github.io\\file-1710357105014.jpeg"
          ]
        },
        {
          "title": "Visit California CPA Magazine link from top nav bar",
          "start": "2024-03-13T19:11:45.018Z",
          "duration": 0,
          "state": "pending",
          "screenshots": [
            "C:\\Users\\hi\\Desktop\\calcpa-test-automation\\calcpa-test-automation.github.io\\file-1710357128638.jpeg"
          ]
        },
        {
          "title": "Visit California CPA Magazine link from top nav bar",
          "start": "2024-03-13T19:12:08.642Z",
          "duration": 0,
          "state": "pending",
          "screenshots": [
            "C:\\Users\\hi\\Desktop\\calcpa-test-automation\\calcpa-test-automation.github.io\\file-1710357151803.jpeg"
          ]
        },
        {
          "title": "Visit California CPA Magazine link from top nav bar",
          "start": "2024-03-13T19:12:31.807Z",
          "duration": 0,
          "state": "pending",
          "screenshots": [
            "C:\\Users\\hi\\Desktop\\calcpa-test-automation\\calcpa-test-automation.github.io\\file-1710357174852.jpeg"
          ]
        },
        {
          "title": "Visit California CPA Magazine link from top nav bar",
          "start": "2024-03-13T19:12:54.856Z",
          "duration": 0,
          "state": "pending",
          "screenshots": [
            "C:\\Users\\hi\\Desktop\\calcpa-test-automation\\calcpa-test-automation.github.io\\file-1710357197995.jpeg"
          ]
        },
        {
          "title": "Visit California CPA Magazine link from top nav bar",
          "start": "2024-03-13T19:13:18.000Z",
          "end": "2024-03-13T19:13:40.533Z",
          "duration": 22533,
          "state": "failed",
          "screenshots": [
            "C:\\Users\\hi\\Desktop\\calcpa-test-automation\\calcpa-test-automation.github.io\\file-1710357220529.jpeg"
          ],
          "error": {
            "type": "Error",
            "message": "The text 'The magazine' was not displayed on the page 'https://magical-clafoutis-672f72.netlify.app/whats-happening/california-cpa-magazine' within twenty seconds!",
            "stack": "Error: The text 'The magazine' was not displayed on the page 'https://magical-clafoutis-672f72.netlify.app/whats-happening/california-cpa-magazine' within twenty seconds!\n    at C:\\Users\\hi\\Desktop\\calcpa-test-automation\\node_modules\\webdriverio\\build\\commands\\browser\\waitUntil.js:66:23\n    at runMicrotasks (<anonymous>)\n    at async Browser.runCommandWithHooks (C:\\Users\\hi\\Desktop\\calcpa-test-automation\\node_modules\\@wdio\\sync\\build\\wrapCommand.js:105:25)\n    at Browser.runCommandWithHooks (C:\\Users\\hi\\Desktop\\calcpa-test-automation\\node_modules\\@wdio\\sync\\build\\wrapCommand.js:100:24)\n    at Browser.wrapCommandFn (C:\\Users\\hi\\Desktop\\calcpa-test-automation\\node_modules\\@wdio\\sync\\build\\wrapCommand.js:67:44)\n    at Browser.<anonymous> (C:\\Users\\hi\\Desktop\\calcpa-test-automation\\node_modules\\webdriverio\\node_modules\\@wdio\\utils\\build\\shim.js:276:24)\n    at Function.waitForTextToBeDisplayed (C:\\Users\\hi\\Desktop\\calcpa-test-automation\\utilities.js:114:17)\n    at Context.<anonymous> (C:\\Users\\hi\\Desktop\\calcpa-test-automation\\tests\\website-tests-mobile.js:83:19)\n    at Context.executeSync (C:\\Users\\hi\\Desktop\\calcpa-test-automation\\node_modules\\@wdio\\sync\\build\\index.js:38:22)\n    at C:\\Users\\hi\\Desktop\\calcpa-test-automation\\node_modules\\@wdio\\sync\\build\\index.js:69:73"
          }
        },
        {
          "title": "Visit Knowledge Hub link from top nav bar",
          "start": "2024-03-13T19:13:40.534Z",
          "end": "2024-03-13T19:13:46.412Z",
          "duration": 5878,
          "state": "passed",
          "screenshots": []
        },
        {
          "title": "Visit Daily Clips link from top nav bar",
          "start": "2024-03-13T19:13:46.413Z",
          "end": "2024-03-13T19:13:49.652Z",
          "duration": 3239,
          "state": "passed",
          "screenshots": []
        },
        {
          "title": "Visit It's Material link from top nav bar",
          "start": "2024-03-13T19:13:49.652Z",
          "end": "2024-03-13T19:13:52.006Z",
          "duration": 2354,
          "state": "passed",
          "screenshots": []
        },
        {
          "title": "Visit Upcoming Events link from top nav bar",
          "start": "2024-03-13T19:13:52.007Z",
          "duration": 0,
          "state": "pending",
          "screenshots": [
            "C:\\Users\\hi\\Desktop\\calcpa-test-automation\\calcpa-test-automation.github.io\\file-1710357243602.jpeg"
          ]
        },
        {
          "title": "Visit Upcoming Events link from top nav bar",
          "start": "2024-03-13T19:14:03.613Z",
          "end": "2024-03-13T19:14:07.412Z",
          "duration": 3799,
          "state": "passed",
          "screenshots": []
        },
        {
          "title": "Visit For the Press link from top nav bar",
          "start": "2024-03-13T19:14:07.412Z",
          "end": "2024-03-13T19:14:10.443Z",
          "duration": 3031,
          "state": "passed",
          "screenshots": []
        },
        {
          "title": "Visit Career Options link from top nav bar",
          "start": "2024-03-13T19:14:10.443Z",
          "end": "2024-03-13T19:14:13.652Z",
          "duration": 3209,
          "state": "passed",
          "screenshots": []
        },
        {
          "title": "Visit Scholarships link from top nav bar",
          "start": "2024-03-13T19:14:13.652Z",
          "end": "2024-03-13T19:14:16.369Z",
          "duration": 2717,
          "state": "passed",
          "screenshots": []
        },
        {
          "title": "Visit CPA Licensure link from top nav bar",
          "start": "2024-03-13T19:14:16.369Z",
          "end": "2024-03-13T19:14:19.258Z",
          "duration": 2889,
          "state": "passed",
          "screenshots": []
        },
        {
          "title": "Visit Ethics Exam link from top nav bar",
          "start": "2024-03-13T19:14:19.258Z",
          "end": "2024-03-13T19:14:21.650Z",
          "duration": 2392,
          "state": "passed",
          "screenshots": []
        },
        {
          "title": "Visit Salary Guide link from top nav bar",
          "start": "2024-03-13T19:14:21.650Z",
          "end": "2024-03-13T19:14:24.342Z",
          "duration": 2692,
          "state": "passed",
          "screenshots": []
        },
        {
          "title": "Visit Fund the Future link from top nav bar",
          "start": "2024-03-13T19:14:24.343Z",
          "end": "2024-03-13T19:14:26.635Z",
          "duration": 2292,
          "state": "passed",
          "screenshots": []
        },
        {
          "title": "Visit For Students link from top nav bar",
          "start": "2024-03-13T19:14:26.635Z",
          "end": "2024-03-13T19:14:29.300Z",
          "duration": 2665,
          "state": "passed",
          "screenshots": []
        },
        {
          "title": "Visit For Educators link from top nav bar",
          "start": "2024-03-13T19:14:29.300Z",
          "end": "2024-03-13T19:14:31.670Z",
          "duration": 2370,
          "state": "passed",
          "screenshots": []
        },
        {
          "title": "Visit For YEPs link from top nav bar",
          "start": "2024-03-13T19:14:31.670Z",
          "end": "2024-03-13T19:14:34.165Z",
          "duration": 2495,
          "state": "passed",
          "screenshots": []
        },
        {
          "title": "Visit Upcoming Events link from top nav bar",
          "start": "2024-03-13T19:14:34.166Z",
          "end": "2024-03-13T19:14:38.322Z",
          "duration": 4156,
          "state": "passed",
          "screenshots": []
        },
        {
          "title": "Visit Find a CPA link from top nav bar",
          "start": "2024-03-13T19:14:38.322Z",
          "end": "2024-03-13T19:14:40.412Z",
          "duration": 2090,
          "state": "passed",
          "screenshots": []
        },
        {
          "title": "Visit About Us link from top nav bar",
          "start": "2024-03-13T19:14:40.412Z",
          "end": "2024-03-13T19:14:41.959Z",
          "duration": 1547,
          "state": "passed",
          "screenshots": []
        }
      ],
      "hooks": []
    }
  ],
  "specs": [
    "C:\\Users\\hi\\Desktop\\calcpa-test-automation\\tests\\website-tests-mobile.js"
  ],
  "state": {
    "passed": 38,
    "failed": 1,
    "skipped": 0
  }
}