{
  "start": "2023-06-11T04:04:14.918Z",
  "end": "2023-06-11T04:12:10.898Z",
  "capabilities": {
    "acceptInsecureCerts": true,
    "browserName": "chrome",
    "browserVersion": "114.0.5735.110",
    "chrome": {
      "chromedriverVersion": "114.0.5735.90 (386bc09e8f4f2e025eddae123f36f6263096ae49-refs/branch-heads/5735@{#1052})",
      "userDataDir": "C:\\Users\\hi\\AppData\\Local\\Temp\\scoped_dir46316_468166842"
    },
    "goog:chromeOptions": {
      "debuggerAddress": "localhost:51609"
    },
    "networkConnectionEnabled": false,
    "pageLoadStrategy": "normal",
    "platformName": "windows",
    "proxy": {},
    "setWindowRect": true,
    "strictFileInteractability": false,
    "timeouts": {
      "implicit": 0,
      "pageLoad": 300000,
      "script": 30000
    },
    "unhandledPromptBehavior": "dismiss and notify",
    "webauthn:extension:credBlob": true,
    "webauthn:extension:largeBlob": true,
    "webauthn:extension:minPinLength": true,
    "webauthn:extension:prf": true,
    "webauthn:virtualAuthenticators": true,
    "sessionId": "702ad82999c4c23132e50fb38f2a31b7"
  },
  "host": "localhost",
  "port": 9515,
  "framework": "mocha",
  "duration": 475980,
  "suites": [
    {
      "title": "Sanity Checks",
      "duration": 475942,
      "start": "2023-06-11T04:04:14.922Z",
      "end": "2023-06-11T04:12:10.864Z",
      "tests": [
        {
          "title": "Set Up New User and Log In",
          "start": "2023-06-11T04:04:14.923Z",
          "end": "2023-06-11T04:04:46.894Z",
          "duration": 31971,
          "state": "passed",
          "screenshots": [
            "C:\\Users\\hi\\Desktop\\code\\calcpa-test-automation\\calcpa-test-automation.github.io\\file-1686456286893.jpeg"
          ]
        },
        {
          "title": "Adds Webinars to Cart from Event Detail Page",
          "start": "2023-06-11T04:04:46.894Z",
          "end": "2023-06-11T04:05:14.875Z",
          "duration": 27981,
          "state": "passed",
          "screenshots": [
            "C:\\Users\\hi\\Desktop\\code\\calcpa-test-automation\\calcpa-test-automation.github.io\\file-1686456314874.jpeg"
          ]
        },
        {
          "title": "Adds On-Demand to Cart from Event Detail Page",
          "start": "2023-06-11T04:05:14.875Z",
          "end": "2023-06-11T04:05:34.051Z",
          "duration": 19176,
          "state": "passed",
          "screenshots": [
            "C:\\Users\\hi\\Desktop\\code\\calcpa-test-automation\\calcpa-test-automation.github.io\\file-1686456334051.jpeg"
          ]
        },
        {
          "title": "Adds Conferences to Cart from Event Detail Page",
          "start": "2023-06-11T04:05:34.052Z",
          "end": "2023-06-11T04:05:52.447Z",
          "duration": 18395,
          "state": "passed",
          "screenshots": [
            "C:\\Users\\hi\\Desktop\\code\\calcpa-test-automation\\calcpa-test-automation.github.io\\file-1686456352446.jpeg"
          ]
        },
        {
          "title": "Adds Chapter Events to Cart from Event Detail Page",
          "start": "2023-06-11T04:05:52.447Z",
          "end": "2023-06-11T04:06:11.125Z",
          "duration": 18678,
          "state": "passed",
          "screenshots": [
            "C:\\Users\\hi\\Desktop\\code\\calcpa-test-automation\\calcpa-test-automation.github.io\\file-1686456371125.jpeg"
          ]
        },
        {
          "title": "Joins from Front-End (Candidate)",
          "start": "2023-06-11T04:06:11.126Z",
          "duration": 0,
          "state": "pending",
          "screenshots": [
            "C:\\Users\\hi\\Desktop\\code\\calcpa-test-automation\\calcpa-test-automation.github.io\\file-1686456487879.jpeg"
          ]
        },
        {
          "title": "Joins from Front-End (Candidate)",
          "start": "2023-06-11T04:08:07.883Z",
          "end": "2023-06-11T04:10:07.495Z",
          "duration": 119612,
          "state": "passed",
          "screenshots": [
            "C:\\Users\\hi\\Desktop\\code\\calcpa-test-automation\\calcpa-test-automation.github.io\\file-1686456607492.jpeg"
          ]
        },
        {
          "title": "Joins from Front-End (Executive)",
          "start": "2023-06-11T04:10:07.496Z",
          "end": "2023-06-11T04:12:10.863Z",
          "duration": 123367,
          "state": "passed",
          "screenshots": [
            "C:\\Users\\hi\\Desktop\\code\\calcpa-test-automation\\calcpa-test-automation.github.io\\file-1686456730860.jpeg"
          ]
        }
      ],
      "hooks": []
    }
  ],
  "specs": [
    "C:\\Users\\hi\\Desktop\\code\\calcpa-test-automation\\tests.js"
  ],
  "state": {
    "passed": 7,
    "failed": 0,
    "skipped": 0
  }
}