{
  "start": "2023-12-11T08:00:40.755Z",
  "end": "2023-12-11T08:07:25.518Z",
  "capabilities": {
    "acceptInsecureCerts": true,
    "browserName": "chrome",
    "browserVersion": "120.0.6099.71",
    "chrome": {
      "chromedriverVersion": "119.0.6045.105 (38c72552c5e15ba9b3117c0967a0fd105072d7c6-refs/branch-heads/6045@{#1103})",
      "userDataDir": "C:\\Users\\hi\\AppData\\Local\\Temp\\scoped_dir13472_548198543"
    },
    "fedcm:accounts": true,
    "goog:chromeOptions": {
      "debuggerAddress": "localhost:49804"
    },
    "networkConnectionEnabled": false,
    "pageLoadStrategy": "normal",
    "platformName": "windows",
    "proxy": {},
    "setWindowRect": true,
    "strictFileInteractability": false,
    "timeouts": {
      "implicit": 0,
      "pageLoad": 300000,
      "script": 30000
    },
    "unhandledPromptBehavior": "dismiss and notify",
    "webauthn:extension:credBlob": true,
    "webauthn:extension:largeBlob": true,
    "webauthn:extension:minPinLength": true,
    "webauthn:extension:prf": true,
    "webauthn:virtualAuthenticators": true,
    "sessionId": "a02e835718c9ecbaf6c4da2252512f23"
  },
  "host": "localhost",
  "port": 9515,
  "framework": "mocha",
  "duration": 404763,
  "suites": [
    {
      "title": "Sanity Checks",
      "duration": 404497,
      "start": "2023-12-11T08:00:40.764Z",
      "end": "2023-12-11T08:07:25.261Z",
      "tests": [
        {
          "title": "Set Up New User and Log In",
          "start": "2023-12-11T08:00:40.765Z",
          "end": "2023-12-11T08:03:13.530Z",
          "duration": 152765,
          "state": "passed",
          "screenshots": []
        },
        {
          "title": "Joins from Front-End (Candidate)",
          "start": "2023-12-11T08:03:13.536Z",
          "end": "2023-12-11T08:05:15.494Z",
          "duration": 121958,
          "state": "passed",
          "screenshots": []
        },
        {
          "title": "Joins from Front-End (Executive)",
          "start": "2023-12-11T08:05:15.501Z",
          "end": "2023-12-11T08:07:25.259Z",
          "duration": 129758,
          "state": "passed",
          "screenshots": []
        }
      ],
      "hooks": []
    }
  ],
  "specs": [
    "C:\\Users\\hi\\Desktop\\calcpa-test-automation\\tests\\join-tests.js"
  ],
  "state": {
    "passed": 3,
    "failed": 0,
    "skipped": 0
  }
}