{
  "start": "2023-08-23T19:05:50.523Z",
  "end": "2023-08-23T19:09:23.153Z",
  "capabilities": {
    "acceptInsecureCerts": true,
    "browserName": "chrome",
    "browserVersion": "115.0.5790.171",
    "chrome": {
      "chromedriverVersion": "114.0.5735.90 (386bc09e8f4f2e025eddae123f36f6263096ae49-refs/branch-heads/5735@{#1052})",
      "userDataDir": "C:\\Users\\hi\\AppData\\Local\\Temp\\scoped_dir15316_1588670421"
    },
    "goog:chromeOptions": {
      "debuggerAddress": "localhost:62699"
    },
    "networkConnectionEnabled": false,
    "pageLoadStrategy": "normal",
    "platformName": "windows",
    "proxy": {},
    "setWindowRect": true,
    "strictFileInteractability": false,
    "timeouts": {
      "implicit": 0,
      "pageLoad": 300000,
      "script": 30000
    },
    "unhandledPromptBehavior": "dismiss and notify",
    "webauthn:extension:credBlob": true,
    "webauthn:extension:largeBlob": true,
    "webauthn:extension:minPinLength": true,
    "webauthn:extension:prf": true,
    "webauthn:virtualAuthenticators": true,
    "sessionId": "7f27a27f44e405487e56cd35b3c04ac3"
  },
  "host": "localhost",
  "port": 9515,
  "framework": "mocha",
  "duration": 212630,
  "suites": [
    {
      "title": "Sanity Checks",
      "duration": 212501,
      "start": "2023-08-23T19:05:50.539Z",
      "end": "2023-08-23T19:09:23.040Z",
      "tests": [
        {
          "title": "Visit Current CPAs link from top nav bar",
          "start": "2023-08-23T19:05:50.540Z",
          "end": "2023-08-23T19:05:55.257Z",
          "duration": 4717,
          "state": "passed",
          "screenshots": []
        },
        {
          "title": "Visit Former CPAs link from top nav bar",
          "start": "2023-08-23T19:05:55.261Z",
          "end": "2023-08-23T19:05:58.907Z",
          "duration": 3646,
          "state": "passed",
          "screenshots": []
        },
        {
          "title": "Visit Retired CPAs link from top nav bar",
          "start": "2023-08-23T19:05:58.908Z",
          "end": "2023-08-23T19:06:03.556Z",
          "duration": 4648,
          "state": "passed",
          "screenshots": []
        },
        {
          "title": "Visit Temp out of Work CPAs link from top nav bar",
          "start": "2023-08-23T19:06:03.556Z",
          "end": "2023-08-23T19:06:08.006Z",
          "duration": 4450,
          "state": "passed",
          "screenshots": []
        },
        {
          "title": "Visit Accounting Educators link from top nav bar",
          "start": "2023-08-23T19:06:08.007Z",
          "end": "2023-08-23T19:06:13.281Z",
          "duration": 5274,
          "state": "passed",
          "screenshots": []
        },
        {
          "title": "Visit Professionals link from top nav bar",
          "start": "2023-08-23T19:06:13.281Z",
          "end": "2023-08-23T19:06:19.678Z",
          "duration": 6397,
          "state": "passed",
          "screenshots": []
        },
        {
          "title": "Visit CPA Candidates link from top nav bar",
          "start": "2023-08-23T19:06:19.679Z",
          "end": "2023-08-23T19:06:23.327Z",
          "duration": 3648,
          "state": "passed",
          "screenshots": []
        },
        {
          "title": "Visit College Students link from top nav bar",
          "start": "2023-08-23T19:06:23.328Z",
          "end": "2023-08-23T19:06:26.202Z",
          "duration": 2874,
          "state": "passed",
          "screenshots": []
        },
        {
          "title": "Visit Group Memberships link from top nav bar",
          "start": "2023-08-23T19:06:26.203Z",
          "end": "2023-08-23T19:06:29.677Z",
          "duration": 3474,
          "state": "passed",
          "screenshots": []
        },
        {
          "title": "Visit Chapters link from top nav bar",
          "start": "2023-08-23T19:06:29.678Z",
          "end": "2023-08-23T19:06:34.493Z",
          "duration": 4815,
          "state": "passed",
          "screenshots": []
        },
        {
          "title": "Visit Get involved link from top nav bar",
          "start": "2023-08-23T19:06:34.494Z",
          "end": "2023-08-23T19:06:38.657Z",
          "duration": 4163,
          "state": "passed",
          "screenshots": []
        },
        {
          "title": "Visit Committees link from top nav bar",
          "start": "2023-08-23T19:06:38.658Z",
          "end": "2023-08-23T19:06:42.654Z",
          "duration": 3996,
          "state": "passed",
          "screenshots": []
        },
        {
          "title": "Visit Scholarships link from top nav bar",
          "start": "2023-08-23T19:06:42.654Z",
          "end": "2023-08-23T19:06:46.890Z",
          "duration": 4236,
          "state": "passed",
          "screenshots": []
        },
        {
          "title": "Visit Connect link from top nav bar",
          "start": "2023-08-23T19:06:46.890Z",
          "end": "2023-08-23T19:06:57.336Z",
          "duration": 10446,
          "state": "passed",
          "screenshots": []
        },
        {
          "title": "Visit ListServes link from top nav bar",
          "start": "2023-08-23T19:06:57.336Z",
          "end": "2023-08-23T19:07:00.872Z",
          "duration": 3536,
          "state": "passed",
          "screenshots": []
        },
        {
          "title": "Visit Donate link from top nav bar",
          "start": "2023-08-23T19:07:00.872Z",
          "end": "2023-08-23T19:07:05.221Z",
          "duration": 4349,
          "state": "passed",
          "screenshots": []
        },
        {
          "title": "Visit Forensic Services Section link from top nav bar",
          "start": "2023-08-23T19:07:05.222Z",
          "end": "2023-08-23T19:07:09.177Z",
          "duration": 3955,
          "state": "passed",
          "screenshots": []
        },
        {
          "title": "Visit Search our catalog link from top nav bar",
          "start": "2023-08-23T19:07:09.177Z",
          "end": "2023-08-23T19:07:15.685Z",
          "duration": 6508,
          "state": "passed",
          "screenshots": []
        },
        {
          "title": "Visit Conferences link from top nav bar",
          "start": "2023-08-23T19:07:15.686Z",
          "end": "2023-08-23T19:07:23.223Z",
          "duration": 7537,
          "state": "passed",
          "screenshots": []
        },
        {
          "title": "Visit Webinars link from top nav bar",
          "start": "2023-08-23T19:07:23.223Z",
          "end": "2023-08-23T19:07:28.885Z",
          "duration": 5662,
          "state": "passed",
          "screenshots": []
        },
        {
          "title": "Visit On-demand link from top nav bar",
          "start": "2023-08-23T19:07:28.886Z",
          "end": "2023-08-23T19:07:33.967Z",
          "duration": 5081,
          "state": "passed",
          "screenshots": []
        },
        {
          "title": "Visit Events link from top nav bar",
          "start": "2023-08-23T19:07:33.967Z",
          "end": "2023-08-23T19:07:37.703Z",
          "duration": 3736,
          "state": "passed",
          "screenshots": []
        },
        {
          "title": "Visit Onsite training link from top nav bar",
          "start": "2023-08-23T19:07:37.703Z",
          "end": "2023-08-23T19:07:40.892Z",
          "duration": 3189,
          "state": "passed",
          "screenshots": []
        },
        {
          "title": "Visit Onsite training link from top nav bar",
          "start": "2023-08-23T19:07:40.892Z",
          "end": "2023-08-23T19:07:43.598Z",
          "duration": 2706,
          "state": "passed",
          "screenshots": []
        },
        {
          "title": "Visit Grassroots link from top nav bar",
          "start": "2023-08-23T19:07:43.598Z",
          "end": "2023-08-23T19:07:46.360Z",
          "duration": 2762,
          "state": "passed",
          "screenshots": []
        },
        {
          "title": "Visit Fund the Future link from top nav bar",
          "start": "2023-08-23T19:07:46.360Z",
          "end": "2023-08-23T19:07:49.372Z",
          "duration": 3012,
          "state": "passed",
          "screenshots": []
        },
        {
          "title": "Visit Policy Issues link from top nav bar",
          "start": "2023-08-23T19:07:49.372Z",
          "end": "2023-08-23T19:07:52.705Z",
          "duration": 3333,
          "state": "passed",
          "screenshots": []
        },
        {
          "title": "Visit Support link from top nav bar",
          "start": "2023-08-23T19:07:52.705Z",
          "end": "2023-08-23T19:07:58.266Z",
          "duration": 5561,
          "state": "passed",
          "screenshots": []
        },
        {
          "title": "Visit California CPA Magazine link from top nav bar",
          "start": "2023-08-23T19:07:58.266Z",
          "end": "2023-08-23T19:08:01.551Z",
          "duration": 3285,
          "state": "passed",
          "screenshots": []
        },
        {
          "title": "Visit Knowledge Hub link from top nav bar",
          "start": "2023-08-23T19:08:01.551Z",
          "end": "2023-08-23T19:08:07.388Z",
          "duration": 5837,
          "state": "passed",
          "screenshots": []
        },
        {
          "title": "Visit Daily Clips link from top nav bar",
          "start": "2023-08-23T19:08:07.389Z",
          "end": "2023-08-23T19:08:10.879Z",
          "duration": 3490,
          "state": "passed",
          "screenshots": []
        },
        {
          "title": "Visit brainfood bytes link from top nav bar",
          "start": "2023-08-23T19:08:10.880Z",
          "end": "2023-08-23T19:08:14.115Z",
          "duration": 3235,
          "state": "passed",
          "screenshots": []
        },
        {
          "title": "Visit It's Material link from top nav bar",
          "start": "2023-08-23T19:08:14.115Z",
          "end": "2023-08-23T19:08:16.797Z",
          "duration": 2682,
          "state": "passed",
          "screenshots": []
        },
        {
          "title": "Visit Upcoming Events link from top nav bar",
          "start": "2023-08-23T19:08:16.797Z",
          "end": "2023-08-23T19:08:20.445Z",
          "duration": 3648,
          "state": "passed",
          "screenshots": []
        },
        {
          "title": "Visit For the Press link from top nav bar",
          "start": "2023-08-23T19:08:20.446Z",
          "end": "2023-08-23T19:08:25.413Z",
          "duration": 4967,
          "state": "passed",
          "screenshots": []
        },
        {
          "title": "Visit Career Options link from top nav bar",
          "start": "2023-08-23T19:08:25.413Z",
          "end": "2023-08-23T19:08:28.731Z",
          "duration": 3318,
          "state": "passed",
          "screenshots": []
        },
        {
          "title": "Visit Scholarships link from top nav bar",
          "start": "2023-08-23T19:08:28.731Z",
          "end": "2023-08-23T19:08:32.465Z",
          "duration": 3734,
          "state": "passed",
          "screenshots": []
        },
        {
          "title": "Visit CPA Licensure link from top nav bar",
          "start": "2023-08-23T19:08:32.466Z",
          "end": "2023-08-23T19:08:38.304Z",
          "duration": 5838,
          "state": "passed",
          "screenshots": []
        },
        {
          "title": "Visit Ethics Exam link from top nav bar",
          "start": "2023-08-23T19:08:38.305Z",
          "end": "2023-08-23T19:08:44.347Z",
          "duration": 6042,
          "state": "passed",
          "screenshots": []
        },
        {
          "title": "Visit Salary Guide link from top nav bar",
          "start": "2023-08-23T19:08:44.347Z",
          "end": "2023-08-23T19:08:47.548Z",
          "duration": 3201,
          "state": "passed",
          "screenshots": []
        },
        {
          "title": "Visit Fund the Future link from top nav bar",
          "start": "2023-08-23T19:08:47.548Z",
          "end": "2023-08-23T19:08:50.258Z",
          "duration": 2710,
          "state": "passed",
          "screenshots": []
        },
        {
          "title": "Visit For Students link from top nav bar",
          "start": "2023-08-23T19:08:50.258Z",
          "end": "2023-08-23T19:08:53.349Z",
          "duration": 3091,
          "state": "passed",
          "screenshots": []
        },
        {
          "title": "Visit For Candidates link from top nav bar",
          "start": "2023-08-23T19:08:53.349Z",
          "end": "2023-08-23T19:08:56.830Z",
          "duration": 3481,
          "state": "passed",
          "screenshots": []
        },
        {
          "title": "Visit For Educators link from top nav bar",
          "start": "2023-08-23T19:08:56.830Z",
          "end": "2023-08-23T19:09:01.795Z",
          "duration": 4965,
          "state": "passed",
          "screenshots": []
        },
        {
          "title": "Visit For YEPs link from top nav bar",
          "start": "2023-08-23T19:09:01.795Z",
          "end": "2023-08-23T19:09:05.363Z",
          "duration": 3568,
          "state": "passed",
          "screenshots": []
        },
        {
          "title": "Visit Upcoming Events link from top nav bar",
          "start": "2023-08-23T19:09:05.363Z",
          "end": "2023-08-23T19:09:13.053Z",
          "duration": 7690,
          "state": "passed",
          "screenshots": []
        },
        {
          "title": "Visit Help link from top nav bar",
          "start": "2023-08-23T19:09:13.053Z",
          "end": "2023-08-23T19:09:18.863Z",
          "duration": 5810,
          "state": "passed",
          "screenshots": []
        },
        {
          "title": "Visit Find a CPA link from top nav bar",
          "start": "2023-08-23T19:09:18.863Z",
          "end": "2023-08-23T19:09:21.018Z",
          "duration": 2155,
          "state": "passed",
          "screenshots": []
        },
        {
          "title": "Visit About Us link from top nav bar",
          "start": "2023-08-23T19:09:21.018Z",
          "end": "2023-08-23T19:09:23.039Z",
          "duration": 2021,
          "state": "passed",
          "screenshots": []
        }
      ],
      "hooks": []
    }
  ],
  "specs": [
    "C:\\Users\\hi\\Desktop\\calcpa-test-automation\\tests\\website-tests-mobile.js"
  ],
  "state": {
    "passed": 49,
    "failed": 0,
    "skipped": 0
  }
}